#
# There is insufficient memory for the Java Runtime Environment to continue.
# Native memory allocation (malloc) failed to allocate 1019216 bytes for Chunk::new
# Possible reasons:
#   The system is out of physical RAM or swap space
#   The process is running with CompressedOops enabled, and the Java Heap may be blocking the growth of the native heap
# Possible solutions:
#   Reduce memory load on the system
#   Increase physical memory or swap space
#   Check if swap backing store is full
#   Decrease Java heap size (-Xmx/-Xms)
#   Decrease number of Java threads
#   Decrease Java thread stack sizes (-Xss)
#   Set larger code cache with -XX:ReservedCodeCacheSize=
#   JVM is running with Zero Based Compressed Oops mode in which the Java heap is
#     placed in the first 32GB address space. The Java Heap base address is the
#     maximum limit for the native heap growth. Please use -XX:HeapBaseMinAddress
#     to set the Java Heap base and to place the Java Heap above 32GB virtual address.
# This output file may be truncated or incomplete.
#
#  Out of Memory Error (./open/src/hotspot/share/memory/arena.cpp:197), pid=20960, tid=22748
#
# JRE version: Java(TM) SE Runtime Environment 18.9 (11.0.20+9) (build 11.0.20+9-LTS-256)
# Java VM: Java HotSpot(TM) 64-Bit Server VM 18.9 (11.0.20+9-LTS-256, mixed mode, tiered, compressed oops, g1 gc, windows-amd64)
# No core dump will be written. Minidumps are not enabled by default on client versions of Windows
#

---------------  S U M M A R Y ------------

Command Line: --module-path=C:\Users\pythonord\.m2\repository\org\openjfx\javafx-base\19\javafx-base-19-win.jar;C:\Users\pythonord\.m2\repository\org\openjfx\javafx-base\19\javafx-base-19.jar;C:\Users\pythonord\.m2\repository\org\openjfx\javafx-controls\19\javafx-controls-19-win.jar;C:\Users\pythonord\.m2\repository\org\openjfx\javafx-controls\19\javafx-controls-19.jar;C:\Users\pythonord\.m2\repository\org\openjfx\javafx-fxml\19\javafx-fxml-19-win.jar;C:\Users\pythonord\.m2\repository\org\openjfx\javafx-fxml\19\javafx-fxml-19.jar;C:\Users\pythonord\.m2\repository\org\openjfx\javafx-graphics\19\javafx-graphics-19-win.jar;C:\Users\pythonord\.m2\repository\org\openjfx\javafx-graphics\19\javafx-graphics-19.jar --add-modules=javafx.base,javafx.controls,javafx.fxml,javafx.graphics Appinitializer

Host: Intel(R) Core(TM) i5-10300H CPU @ 2.50GHz, 8 cores, 15G,  Windows 11 , 64 bit Build 22621 (10.0.22621.2506)
Time: Tue Dec 19 22:02:32 2023 Sri Lanka Standard Time elapsed time: 7.049130 seconds (0d 0h 0m 7s)

---------------  T H R E A D  ---------------

Current thread (0x000001dca7f94800):  JavaThread "C2 CompilerThread2" daemon [_thread_in_native, id=22748, stack(0x0000005b7e500000,0x0000005b7e600000)]


Current CompileTask:
C2:   7049 3358       4       javafx.scene.CssStyleHelper::resolveLookups (463 bytes)

Stack: [0x0000005b7e500000,0x0000005b7e600000]
Native frames: (J=compiled Java code, j=interpreted, Vv=VM code, C=native code)
V  [jvm.dll+0x6602ba]
V  [jvm.dll+0x7a32af]
V  [jvm.dll+0x7a4979]
V  [jvm.dll+0x7a5013]
V  [jvm.dll+0x258ef5]
V  [jvm.dll+0xb2a0c]
V  [jvm.dll+0xb2fcc]
V  [jvm.dll+0x367691]
V  [jvm.dll+0x1a2b74]
V  [jvm.dll+0x211d4d]
V  [jvm.dll+0x210bc8]
V  [jvm.dll+0x18cdb1]
V  [jvm.dll+0x220e59]
V  [jvm.dll+0x21f17c]
V  [jvm.dll+0x767061]
V  [jvm.dll+0x75f8e4]
V  [jvm.dll+0x65f165]
C  [ucrtbase.dll+0x29363]
C  [KERNEL32.DLL+0x1257d]
C  [ntdll.dll+0x5aa58]


---------------  P R O C E S S  ---------------

Threads class SMR info:
_java_thread_list=0x000001dca7b4b510, length=21, elements={
0x000001dcfc790800, 0x000001dca0582000, 0x000001dca058d800, 0x000001dca05e9800,
0x000001dca059c800, 0x000001dca059d800, 0x000001dca05a0800, 0x000001dca05a4000,
0x000001dca05a5000, 0x000001dca0770800, 0x000001dca076a800, 0x000001dca0771800,
0x000001dca076d000, 0x000001dca076f000, 0x000001dca076b800, 0x000001dca076e000,
0x000001dca076f800, 0x000001dca076c800, 0x000001dca7e4e000, 0x000001dca0bae000,
0x000001dca7f94800
}

Java Threads: ( => current thread )
  0x000001dcfc790800 JavaThread "main" [_thread_blocked, id=5476, stack(0x0000005b7bb00000,0x0000005b7bc00000)]
  0x000001dca0582000 JavaThread "Reference Handler" daemon [_thread_blocked, id=22988, stack(0x0000005b7c200000,0x0000005b7c300000)]
  0x000001dca058d800 JavaThread "Finalizer" daemon [_thread_blocked, id=22264, stack(0x0000005b7c300000,0x0000005b7c400000)]
  0x000001dca05e9800 JavaThread "Signal Dispatcher" daemon [_thread_blocked, id=12624, stack(0x0000005b7c400000,0x0000005b7c500000)]
  0x000001dca059c800 JavaThread "Attach Listener" daemon [_thread_blocked, id=22268, stack(0x0000005b7c500000,0x0000005b7c600000)]
  0x000001dca059d800 JavaThread "Service Thread" daemon [_thread_blocked, id=19068, stack(0x0000005b7c600000,0x0000005b7c700000)]
  0x000001dca05a0800 JavaThread "C2 CompilerThread0" daemon [_thread_blocked, id=22496, stack(0x0000005b7c700000,0x0000005b7c800000)]
  0x000001dca05a4000 JavaThread "C1 CompilerThread0" daemon [_thread_blocked, id=23128, stack(0x0000005b7c800000,0x0000005b7c900000)]
  0x000001dca05a5000 JavaThread "Sweeper thread" daemon [_thread_blocked, id=21736, stack(0x0000005b7c900000,0x0000005b7ca00000)]
  0x000001dca0770800 JavaThread "Common-Cleaner" daemon [_thread_blocked, id=16264, stack(0x0000005b7ca00000,0x0000005b7cb00000)]
  0x000001dca076a800 JavaThread "QuantumRenderer-0" daemon [_thread_in_Java, id=12472, stack(0x0000005b7ce00000,0x0000005b7cf00000)]
  0x000001dca0771800 JavaThread "InvokeLaterDispatcher" daemon [_thread_blocked, id=22476, stack(0x0000005b7d000000,0x0000005b7d100000)]
  0x000001dca076d000 JavaThread "JavaFX Application Thread" [_thread_blocked, id=17944, stack(0x0000005b7d100000,0x0000005b7d200000)]
  0x000001dca076f000 JavaThread "JavaFX-Launcher" [_thread_blocked, id=23264, stack(0x0000005b7d600000,0x0000005b7d700000)]
  0x000001dca076b800 JavaThread "Thread-2" daemon [_thread_in_native, id=12068, stack(0x0000005b7d500000,0x0000005b7d600000)]
  0x000001dca076e000 JavaThread "Thread-3" [_thread_blocked, id=22220, stack(0x0000005b7dc00000,0x0000005b7dd00000)]
  0x000001dca076f800 JavaThread "Prism Font Disposer" daemon [_thread_blocked, id=9536, stack(0x0000005b7e000000,0x0000005b7e100000)]
  0x000001dca076c800 JavaThread "Cleaner-0" daemon [_thread_blocked, id=20752, stack(0x0000005b7e400000,0x0000005b7e500000)]
  0x000001dca7e4e000 JavaThread "C2 CompilerThread1" daemon [_thread_blocked, id=18796, stack(0x0000005b7cb00000,0x0000005b7cc00000)]
  0x000001dca0bae000 JavaThread "mysql-cj-abandoned-connection-cleanup" daemon [_thread_blocked, id=15272, stack(0x0000005b7cc00000,0x0000005b7cd00000)]
=>0x000001dca7f94800 JavaThread "C2 CompilerThread2" daemon [_thread_in_native, id=22748, stack(0x0000005b7e500000,0x0000005b7e600000)]

Other Threads:
  0x000001dca057d000 VMThread "VM Thread" [stack: 0x0000005b7c100000,0x0000005b7c200000] [id=2328]
  0x000001dca0ef2800 WatcherThread [stack: 0x0000005b7cd00000,0x0000005b7ce00000] [id=11832]
  0x000001dcfc7a4800 GCTaskThread "GC Thread#0" [stack: 0x0000005b7bc00000,0x0000005b7bd00000] [id=4080]
  0x000001dca15db000 GCTaskThread "GC Thread#1" [stack: 0x0000005b7d700000,0x0000005b7d800000] [id=23100]
  0x000001dca15ef800 GCTaskThread "GC Thread#2" [stack: 0x0000005b7d800000,0x0000005b7d900000] [id=22808]
  0x000001dca163c000 GCTaskThread "GC Thread#3" [stack: 0x0000005b7d900000,0x0000005b7da00000] [id=19556]
  0x000001dca163c800 GCTaskThread "GC Thread#4" [stack: 0x0000005b7da00000,0x0000005b7db00000] [id=22100]
  0x000001dca163d000 GCTaskThread "GC Thread#5" [stack: 0x0000005b7db00000,0x0000005b7dc00000] [id=12332]
  0x000001dca186a800 GCTaskThread "GC Thread#6" [stack: 0x0000005b7e100000,0x0000005b7e200000] [id=12584]
  0x000001dca1f92800 GCTaskThread "GC Thread#7" [stack: 0x0000005b7e200000,0x0000005b7e300000] [id=4072]
  0x000001dcfc803800 ConcurrentGCThread "G1 Main Marker" [stack: 0x0000005b7bd00000,0x0000005b7be00000] [id=20196]
  0x000001dcfc804800 ConcurrentGCThread "G1 Conc#0" [stack: 0x0000005b7be00000,0x0000005b7bf00000] [id=21316]
  0x000001dca77ee000 ConcurrentGCThread "G1 Conc#1" [stack: 0x0000005b7e300000,0x0000005b7e400000] [id=7040]
  0x000001dcff55d000 ConcurrentGCThread "G1 Refine#0" [stack: 0x0000005b7bf00000,0x0000005b7c000000] [id=21732]
  0x000001dcff55e000 ConcurrentGCThread "G1 Young RemSet Sampling" [stack: 0x0000005b7c000000,0x0000005b7c100000] [id=11252]

Threads with active compile tasks:
C1 CompilerThread0     7075 3713       3       com.sun.marlin.IntArrayCache$Reference::putArray (55 bytes)
C2 CompilerThread2     7075 3358       4       javafx.scene.CssStyleHelper::resolveLookups (463 bytes)

VM state:not at safepoint (normal execution)

VM Mutex/Monitor currently owned by a thread: None

Heap address: 0x0000000702a00000, size: 4054 MB, Compressed Oops mode: Zero based, Oop shift amount: 3
Narrow klass base: 0x0000000800000000, Narrow klass shift: 0
Compressed class space size: 1073741824 Address: 0x0000000800000000

Heap:
 garbage-first heap   total 260096K, used 36491K [0x0000000702a00000, 0x0000000800000000)
  region size 1024K, 13 young (13312K), 6 survivors (6144K)
 Metaspace       used 35050K, capacity 36307K, committed 36524K, reserved 1081344K
  class space    used 4625K, capacity 5169K, committed 5292K, reserved 1048576K
Heap Regions: E=young(eden), S=young(survivor), O=old, HS=humongous(starts), HC=humongous(continues), CS=collection set, F=free, A=archive, TAMS=top-at-mark-start (previous, next)
|   0|0x0000000702a00000, 0x0000000702b00000, 0x0000000702b00000|100%| O|  |TAMS 0x0000000702b00000, 0x0000000702a00000| Untracked 
|   1|0x0000000702b00000, 0x0000000702c00000, 0x0000000702c00000|100%|HS|  |TAMS 0x0000000702c00000, 0x0000000702b00000| Complete 
|   2|0x0000000702c00000, 0x0000000702d00000, 0x0000000702d00000|100%|HC|  |TAMS 0x0000000702d00000, 0x0000000702c00000| Complete 
|   3|0x0000000702d00000, 0x0000000702e00000, 0x0000000702e00000|100%|HC|  |TAMS 0x0000000702e00000, 0x0000000702d00000| Complete 
|   4|0x0000000702e00000, 0x0000000702f00000, 0x0000000702f00000|100%|HC|  |TAMS 0x0000000702f00000, 0x0000000702e00000| Complete 
|   5|0x0000000702f00000, 0x0000000703000000, 0x0000000703000000|100%|HC|  |TAMS 0x0000000703000000, 0x0000000702f00000| Complete 
|   6|0x0000000703000000, 0x0000000703100000, 0x0000000703100000|100%|HS|  |TAMS 0x0000000703100000, 0x0000000703000000| Complete 
|   7|0x0000000703100000, 0x0000000703200000, 0x0000000703200000|100%|HC|  |TAMS 0x0000000703200000, 0x0000000703100000| Complete 
|   8|0x0000000703200000, 0x0000000703300000, 0x0000000703300000|100%|HC|  |TAMS 0x0000000703300000, 0x0000000703200000| Complete 
|   9|0x0000000703300000, 0x0000000703400000, 0x0000000703400000|100%|HC|  |TAMS 0x0000000703400000, 0x0000000703300000| Complete 
|  10|0x0000000703400000, 0x0000000703500000, 0x0000000703500000|100%|HC|  |TAMS 0x0000000703500000, 0x0000000703400000| Complete 
|  11|0x0000000703500000, 0x0000000703600000, 0x0000000703600000|100%|HS|  |TAMS 0x0000000703600000, 0x0000000703500000| Complete 
|  12|0x0000000703600000, 0x0000000703700000, 0x0000000703700000|100%|HC|  |TAMS 0x0000000703700000, 0x0000000703600000| Complete 
|  13|0x0000000703700000, 0x0000000703800000, 0x0000000703800000|100%|HC|  |TAMS 0x0000000703800000, 0x0000000703700000| Complete 
|  14|0x0000000703800000, 0x0000000703900000, 0x0000000703900000|100%|HC|  |TAMS 0x0000000703900000, 0x0000000703800000| Complete 
|  15|0x0000000703900000, 0x0000000703a00000, 0x0000000703a00000|100%|HC|  |TAMS 0x0000000703a00000, 0x0000000703900000| Complete 
|  16|0x0000000703a00000, 0x0000000703b00000, 0x0000000703b00000|100%|HS|  |TAMS 0x0000000703b00000, 0x0000000703a00000| Complete 
|  17|0x0000000703b00000, 0x0000000703c00000, 0x0000000703c00000|100%|HC|  |TAMS 0x0000000703c00000, 0x0000000703b00000| Complete 
|  18|0x0000000703c00000, 0x0000000703d00000, 0x0000000703d00000|100%| O|  |TAMS 0x0000000703d00000, 0x0000000703c00000| Untracked 
|  19|0x0000000703d00000, 0x0000000703e00000, 0x0000000703e00000|100%| O|  |TAMS 0x0000000703e00000, 0x0000000703d00000| Untracked 
|  20|0x0000000703e00000, 0x0000000703f00000, 0x0000000703f00000|100%| O|  |TAMS 0x0000000703f00000, 0x0000000703e00000| Untracked 
|  21|0x0000000703f00000, 0x0000000704000000, 0x0000000704000000|100%| O|  |TAMS 0x0000000704000000, 0x0000000703f00000| Untracked 
|  22|0x0000000704000000, 0x0000000704100000, 0x0000000704100000|100%| O|  |TAMS 0x0000000704100000, 0x0000000704000000| Untracked 
|  23|0x0000000704100000, 0x00000007041ab000, 0x0000000704200000| 66%| O|  |TAMS 0x00000007041ab000, 0x0000000704100000| Untracked 
|  24|0x0000000704200000, 0x0000000704200000, 0x0000000704300000|  0%| F|  |TAMS 0x0000000704200000, 0x0000000704200000| Untracked 
|  25|0x0000000704300000, 0x0000000704300000, 0x0000000704400000|  0%| F|  |TAMS 0x0000000704300000, 0x0000000704300000| Untracked 
|  26|0x0000000704400000, 0x0000000704400000, 0x0000000704500000|  0%| F|  |TAMS 0x0000000704400000, 0x0000000704400000| Untracked 
|  27|0x0000000704500000, 0x0000000704500000, 0x0000000704600000|  0%| F|  |TAMS 0x0000000704500000, 0x0000000704500000| Untracked 
|  28|0x0000000704600000, 0x0000000704600000, 0x0000000704700000|  0%| F|  |TAMS 0x0000000704600000, 0x0000000704600000| Untracked 
|  29|0x0000000704700000, 0x0000000704700000, 0x0000000704800000|  0%| F|  |TAMS 0x0000000704700000, 0x0000000704700000| Untracked 
|  30|0x0000000704800000, 0x0000000704800000, 0x0000000704900000|  0%| F|  |TAMS 0x0000000704800000, 0x0000000704800000| Untracked 
|  31|0x0000000704900000, 0x0000000704900000, 0x0000000704a00000|  0%| F|  |TAMS 0x0000000704900000, 0x0000000704900000| Untracked 
|  32|0x0000000704a00000, 0x0000000704a00000, 0x0000000704b00000|  0%| F|  |TAMS 0x0000000704a00000, 0x0000000704a00000| Untracked 
|  33|0x0000000704b00000, 0x0000000704b00000, 0x0000000704c00000|  0%| F|  |TAMS 0x0000000704b00000, 0x0000000704b00000| Untracked 
|  34|0x0000000704c00000, 0x0000000704c00000, 0x0000000704d00000|  0%| F|  |TAMS 0x0000000704c00000, 0x0000000704c00000| Untracked 
|  35|0x0000000704d00000, 0x0000000704d00000, 0x0000000704e00000|  0%| F|  |TAMS 0x0000000704d00000, 0x0000000704d00000| Untracked 
|  36|0x0000000704e00000, 0x0000000704e00000, 0x0000000704f00000|  0%| F|  |TAMS 0x0000000704e00000, 0x0000000704e00000| Untracked 
|  37|0x0000000704f00000, 0x0000000704f00000, 0x0000000705000000|  0%| F|  |TAMS 0x0000000704f00000, 0x0000000704f00000| Untracked 
|  38|0x0000000705000000, 0x0000000705000000, 0x0000000705100000|  0%| F|  |TAMS 0x0000000705000000, 0x0000000705000000| Untracked 
|  39|0x0000000705100000, 0x0000000705100000, 0x0000000705200000|  0%| F|  |TAMS 0x0000000705100000, 0x0000000705100000| Untracked 
|  40|0x0000000705200000, 0x0000000705200000, 0x0000000705300000|  0%| F|  |TAMS 0x0000000705200000, 0x0000000705200000| Untracked 
|  41|0x0000000705300000, 0x0000000705300000, 0x0000000705400000|  0%| F|  |TAMS 0x0000000705300000, 0x0000000705300000| Untracked 
|  42|0x0000000705400000, 0x0000000705400000, 0x0000000705500000|  0%| F|  |TAMS 0x0000000705400000, 0x0000000705400000| Untracked 
|  43|0x0000000705500000, 0x0000000705500000, 0x0000000705600000|  0%| F|  |TAMS 0x0000000705500000, 0x0000000705500000| Untracked 
|  44|0x0000000705600000, 0x0000000705600000, 0x0000000705700000|  0%| F|  |TAMS 0x0000000705600000, 0x0000000705600000| Untracked 
|  45|0x0000000705700000, 0x0000000705700000, 0x0000000705800000|  0%| F|  |TAMS 0x0000000705700000, 0x0000000705700000| Untracked 
|  46|0x0000000705800000, 0x0000000705800000, 0x0000000705900000|  0%| F|  |TAMS 0x0000000705800000, 0x0000000705800000| Untracked 
|  47|0x0000000705900000, 0x0000000705900000, 0x0000000705a00000|  0%| F|  |TAMS 0x0000000705900000, 0x0000000705900000| Untracked 
|  48|0x0000000705a00000, 0x0000000705a00000, 0x0000000705b00000|  0%| F|  |TAMS 0x0000000705a00000, 0x0000000705a00000| Untracked 
|  49|0x0000000705b00000, 0x0000000705b00000, 0x0000000705c00000|  0%| F|  |TAMS 0x0000000705b00000, 0x0000000705b00000| Untracked 
|  50|0x0000000705c00000, 0x0000000705c00000, 0x0000000705d00000|  0%| F|  |TAMS 0x0000000705c00000, 0x0000000705c00000| Untracked 
|  51|0x0000000705d00000, 0x0000000705d00000, 0x0000000705e00000|  0%| F|  |TAMS 0x0000000705d00000, 0x0000000705d00000| Untracked 
|  52|0x0000000705e00000, 0x0000000705e00000, 0x0000000705f00000|  0%| F|  |TAMS 0x0000000705e00000, 0x0000000705e00000| Untracked 
|  53|0x0000000705f00000, 0x0000000705f00000, 0x0000000706000000|  0%| F|  |TAMS 0x0000000705f00000, 0x0000000705f00000| Untracked 
|  54|0x0000000706000000, 0x0000000706000000, 0x0000000706100000|  0%| F|  |TAMS 0x0000000706000000, 0x0000000706000000| Untracked 
|  55|0x0000000706100000, 0x0000000706100000, 0x0000000706200000|  0%| F|  |TAMS 0x0000000706100000, 0x0000000706100000| Untracked 
|  56|0x0000000706200000, 0x0000000706200000, 0x0000000706300000|  0%| F|  |TAMS 0x0000000706200000, 0x0000000706200000| Untracked 
|  57|0x0000000706300000, 0x0000000706300000, 0x0000000706400000|  0%| F|  |TAMS 0x0000000706300000, 0x0000000706300000| Untracked 
|  58|0x0000000706400000, 0x0000000706400000, 0x0000000706500000|  0%| F|  |TAMS 0x0000000706400000, 0x0000000706400000| Untracked 
|  59|0x0000000706500000, 0x0000000706500000, 0x0000000706600000|  0%| F|  |TAMS 0x0000000706500000, 0x0000000706500000| Untracked 
|  60|0x0000000706600000, 0x0000000706600000, 0x0000000706700000|  0%| F|  |TAMS 0x0000000706600000, 0x0000000706600000| Untracked 
|  61|0x0000000706700000, 0x0000000706700000, 0x0000000706800000|  0%| F|  |TAMS 0x0000000706700000, 0x0000000706700000| Untracked 
|  62|0x0000000706800000, 0x0000000706800000, 0x0000000706900000|  0%| F|  |TAMS 0x0000000706800000, 0x0000000706800000| Untracked 
|  63|0x0000000706900000, 0x0000000706900000, 0x0000000706a00000|  0%| F|  |TAMS 0x0000000706900000, 0x0000000706900000| Untracked 
|  64|0x0000000706a00000, 0x0000000706a00000, 0x0000000706b00000|  0%| F|  |TAMS 0x0000000706a00000, 0x0000000706a00000| Untracked 
|  65|0x0000000706b00000, 0x0000000706b00000, 0x0000000706c00000|  0%| F|  |TAMS 0x0000000706b00000, 0x0000000706b00000| Untracked 
|  66|0x0000000706c00000, 0x0000000706c00000, 0x0000000706d00000|  0%| F|  |TAMS 0x0000000706c00000, 0x0000000706c00000| Untracked 
|  67|0x0000000706d00000, 0x0000000706d00000, 0x0000000706e00000|  0%| F|  |TAMS 0x0000000706d00000, 0x0000000706d00000| Untracked 
|  68|0x0000000706e00000, 0x0000000706e00000, 0x0000000706f00000|  0%| F|  |TAMS 0x0000000706e00000, 0x0000000706e00000| Untracked 
|  69|0x0000000706f00000, 0x0000000706f00000, 0x0000000707000000|  0%| F|  |TAMS 0x0000000706f00000, 0x0000000706f00000| Untracked 
|  70|0x0000000707000000, 0x0000000707000000, 0x0000000707100000|  0%| F|  |TAMS 0x0000000707000000, 0x0000000707000000| Untracked 
|  71|0x0000000707100000, 0x0000000707100000, 0x0000000707200000|  0%| F|  |TAMS 0x0000000707100000, 0x0000000707100000| Untracked 
|  72|0x0000000707200000, 0x0000000707200000, 0x0000000707300000|  0%| F|  |TAMS 0x0000000707200000, 0x0000000707200000| Untracked 
|  73|0x0000000707300000, 0x0000000707300000, 0x0000000707400000|  0%| F|  |TAMS 0x0000000707300000, 0x0000000707300000| Untracked 
|  74|0x0000000707400000, 0x0000000707400000, 0x0000000707500000|  0%| F|  |TAMS 0x0000000707400000, 0x0000000707400000| Untracked 
|  75|0x0000000707500000, 0x0000000707500000, 0x0000000707600000|  0%| F|  |TAMS 0x0000000707500000, 0x0000000707500000| Untracked 
|  76|0x0000000707600000, 0x0000000707600000, 0x0000000707700000|  0%| F|  |TAMS 0x0000000707600000, 0x0000000707600000| Untracked 
|  77|0x0000000707700000, 0x0000000707700000, 0x0000000707800000|  0%| F|  |TAMS 0x0000000707700000, 0x0000000707700000| Untracked 
|  78|0x0000000707800000, 0x0000000707800000, 0x0000000707900000|  0%| F|  |TAMS 0x0000000707800000, 0x0000000707800000| Untracked 
|  79|0x0000000707900000, 0x0000000707900000, 0x0000000707a00000|  0%| F|  |TAMS 0x0000000707900000, 0x0000000707900000| Untracked 
|  80|0x0000000707a00000, 0x0000000707a00000, 0x0000000707b00000|  0%| F|  |TAMS 0x0000000707a00000, 0x0000000707a00000| Untracked 
|  81|0x0000000707b00000, 0x0000000707b00000, 0x0000000707c00000|  0%| F|  |TAMS 0x0000000707b00000, 0x0000000707b00000| Untracked 
|  82|0x0000000707c00000, 0x0000000707c00000, 0x0000000707d00000|  0%| F|  |TAMS 0x0000000707c00000, 0x0000000707c00000| Untracked 
|  83|0x0000000707d00000, 0x0000000707d00000, 0x0000000707e00000|  0%| F|  |TAMS 0x0000000707d00000, 0x0000000707d00000| Untracked 
|  84|0x0000000707e00000, 0x0000000707e00000, 0x0000000707f00000|  0%| F|  |TAMS 0x0000000707e00000, 0x0000000707e00000| Untracked 
|  85|0x0000000707f00000, 0x0000000707f00000, 0x0000000708000000|  0%| F|  |TAMS 0x0000000707f00000, 0x0000000707f00000| Untracked 
|  86|0x0000000708000000, 0x0000000708000000, 0x0000000708100000|  0%| F|  |TAMS 0x0000000708000000, 0x0000000708000000| Untracked 
|  87|0x0000000708100000, 0x0000000708100000, 0x0000000708200000|  0%| F|  |TAMS 0x0000000708100000, 0x0000000708100000| Untracked 
|  88|0x0000000708200000, 0x0000000708200000, 0x0000000708300000|  0%| F|  |TAMS 0x0000000708200000, 0x0000000708200000| Untracked 
|  89|0x0000000708300000, 0x0000000708300000, 0x0000000708400000|  0%| F|  |TAMS 0x0000000708300000, 0x0000000708300000| Untracked 
|  90|0x0000000708400000, 0x0000000708400000, 0x0000000708500000|  0%| F|  |TAMS 0x0000000708400000, 0x0000000708400000| Untracked 
|  91|0x0000000708500000, 0x0000000708500000, 0x0000000708600000|  0%| F|  |TAMS 0x0000000708500000, 0x0000000708500000| Untracked 
|  92|0x0000000708600000, 0x0000000708600000, 0x0000000708700000|  0%| F|  |TAMS 0x0000000708600000, 0x0000000708600000| Untracked 
|  93|0x0000000708700000, 0x0000000708700000, 0x0000000708800000|  0%| F|  |TAMS 0x0000000708700000, 0x0000000708700000| Untracked 
|  94|0x0000000708800000, 0x0000000708800000, 0x0000000708900000|  0%| F|  |TAMS 0x0000000708800000, 0x0000000708800000| Untracked 
|  95|0x0000000708900000, 0x0000000708900000, 0x0000000708a00000|  0%| F|  |TAMS 0x0000000708900000, 0x0000000708900000| Untracked 
|  96|0x0000000708a00000, 0x0000000708a00000, 0x0000000708b00000|  0%| F|  |TAMS 0x0000000708a00000, 0x0000000708a00000| Untracked 
|  97|0x0000000708b00000, 0x0000000708b00000, 0x0000000708c00000|  0%| F|  |TAMS 0x0000000708b00000, 0x0000000708b00000| Untracked 
|  98|0x0000000708c00000, 0x0000000708c00000, 0x0000000708d00000|  0%| F|  |TAMS 0x0000000708c00000, 0x0000000708c00000| Untracked 
|  99|0x0000000708d00000, 0x0000000708d00000, 0x0000000708e00000|  0%| F|  |TAMS 0x0000000708d00000, 0x0000000708d00000| Untracked 
| 100|0x0000000708e00000, 0x0000000708e00000, 0x0000000708f00000|  0%| F|  |TAMS 0x0000000708e00000, 0x0000000708e00000| Untracked 
| 101|0x0000000708f00000, 0x0000000708f00000, 0x0000000709000000|  0%| F|  |TAMS 0x0000000708f00000, 0x0000000708f00000| Untracked 
| 102|0x0000000709000000, 0x0000000709000000, 0x0000000709100000|  0%| F|  |TAMS 0x0000000709000000, 0x0000000709000000| Untracked 
| 103|0x0000000709100000, 0x0000000709100000, 0x0000000709200000|  0%| F|  |TAMS 0x0000000709100000, 0x0000000709100000| Untracked 
| 104|0x0000000709200000, 0x0000000709200000, 0x0000000709300000|  0%| F|  |TAMS 0x0000000709200000, 0x0000000709200000| Untracked 
| 105|0x0000000709300000, 0x0000000709300000, 0x0000000709400000|  0%| F|  |TAMS 0x0000000709300000, 0x0000000709300000| Untracked 
| 106|0x0000000709400000, 0x0000000709400000, 0x0000000709500000|  0%| F|  |TAMS 0x0000000709400000, 0x0000000709400000| Untracked 
| 107|0x0000000709500000, 0x0000000709500000, 0x0000000709600000|  0%| F|  |TAMS 0x0000000709500000, 0x0000000709500000| Untracked 
| 108|0x0000000709600000, 0x0000000709600000, 0x0000000709700000|  0%| F|  |TAMS 0x0000000709600000, 0x0000000709600000| Untracked 
| 109|0x0000000709700000, 0x0000000709700000, 0x0000000709800000|  0%| F|  |TAMS 0x0000000709700000, 0x0000000709700000| Untracked 
| 110|0x0000000709800000, 0x0000000709800000, 0x0000000709900000|  0%| F|  |TAMS 0x0000000709800000, 0x0000000709800000| Untracked 
| 111|0x0000000709900000, 0x0000000709900000, 0x0000000709a00000|  0%| F|  |TAMS 0x0000000709900000, 0x0000000709900000| Untracked 
| 112|0x0000000709a00000, 0x0000000709a00000, 0x0000000709b00000|  0%| F|  |TAMS 0x0000000709a00000, 0x0000000709a00000| Untracked 
| 113|0x0000000709b00000, 0x0000000709b00000, 0x0000000709c00000|  0%| F|  |TAMS 0x0000000709b00000, 0x0000000709b00000| Untracked 
| 114|0x0000000709c00000, 0x0000000709c00000, 0x0000000709d00000|  0%| F|  |TAMS 0x0000000709c00000, 0x0000000709c00000| Untracked 
| 115|0x0000000709d00000, 0x0000000709d00000, 0x0000000709e00000|  0%| F|  |TAMS 0x0000000709d00000, 0x0000000709d00000| Untracked 
| 116|0x0000000709e00000, 0x0000000709e00000, 0x0000000709f00000|  0%| F|  |TAMS 0x0000000709e00000, 0x0000000709e00000| Untracked 
| 117|0x0000000709f00000, 0x0000000709f00000, 0x000000070a000000|  0%| F|  |TAMS 0x0000000709f00000, 0x0000000709f00000| Untracked 
| 118|0x000000070a000000, 0x000000070a000000, 0x000000070a100000|  0%| F|  |TAMS 0x000000070a000000, 0x000000070a000000| Untracked 
| 119|0x000000070a100000, 0x000000070a100000, 0x000000070a200000|  0%| F|  |TAMS 0x000000070a100000, 0x000000070a100000| Untracked 
| 120|0x000000070a200000, 0x000000070a200000, 0x000000070a300000|  0%| F|  |TAMS 0x000000070a200000, 0x000000070a200000| Untracked 
| 121|0x000000070a300000, 0x000000070a300000, 0x000000070a400000|  0%| F|  |TAMS 0x000000070a300000, 0x000000070a300000| Untracked 
| 122|0x000000070a400000, 0x000000070a400000, 0x000000070a500000|  0%| F|  |TAMS 0x000000070a400000, 0x000000070a400000| Untracked 
| 123|0x000000070a500000, 0x000000070a500000, 0x000000070a600000|  0%| F|  |TAMS 0x000000070a500000, 0x000000070a500000| Untracked 
| 124|0x000000070a600000, 0x000000070a600000, 0x000000070a700000|  0%| F|  |TAMS 0x000000070a600000, 0x000000070a600000| Untracked 
| 125|0x000000070a700000, 0x000000070a700000, 0x000000070a800000|  0%| F|  |TAMS 0x000000070a700000, 0x000000070a700000| Untracked 
| 126|0x000000070a800000, 0x000000070a800000, 0x000000070a900000|  0%| F|  |TAMS 0x000000070a800000, 0x000000070a800000| Untracked 
| 127|0x000000070a900000, 0x000000070a900000, 0x000000070aa00000|  0%| F|  |TAMS 0x000000070a900000, 0x000000070a900000| Untracked 
| 128|0x000000070aa00000, 0x000000070aa00000, 0x000000070ab00000|  0%| F|  |TAMS 0x000000070aa00000, 0x000000070aa00000| Untracked 
| 129|0x000000070ab00000, 0x000000070ab00000, 0x000000070ac00000|  0%| F|  |TAMS 0x000000070ab00000, 0x000000070ab00000| Untracked 
| 130|0x000000070ac00000, 0x000000070ac00000, 0x000000070ad00000|  0%| F|  |TAMS 0x000000070ac00000, 0x000000070ac00000| Untracked 
| 131|0x000000070ad00000, 0x000000070ad00000, 0x000000070ae00000|  0%| F|  |TAMS 0x000000070ad00000, 0x000000070ad00000| Untracked 
| 132|0x000000070ae00000, 0x000000070ae00000, 0x000000070af00000|  0%| F|  |TAMS 0x000000070ae00000, 0x000000070ae00000| Untracked 
| 133|0x000000070af00000, 0x000000070af00000, 0x000000070b000000|  0%| F|  |TAMS 0x000000070af00000, 0x000000070af00000| Untracked 
| 134|0x000000070b000000, 0x000000070b000000, 0x000000070b100000|  0%| F|  |TAMS 0x000000070b000000, 0x000000070b000000| Untracked 
| 135|0x000000070b100000, 0x000000070b100000, 0x000000070b200000|  0%| F|  |TAMS 0x000000070b100000, 0x000000070b100000| Untracked 
| 136|0x000000070b200000, 0x000000070b200000, 0x000000070b300000|  0%| F|  |TAMS 0x000000070b200000, 0x000000070b200000| Untracked 
| 137|0x000000070b300000, 0x000000070b300000, 0x000000070b400000|  0%| F|  |TAMS 0x000000070b300000, 0x000000070b300000| Untracked 
| 138|0x000000070b400000, 0x000000070b400000, 0x000000070b500000|  0%| F|  |TAMS 0x000000070b400000, 0x000000070b400000| Untracked 
| 139|0x000000070b500000, 0x000000070b500000, 0x000000070b600000|  0%| F|  |TAMS 0x000000070b500000, 0x000000070b500000| Untracked 
| 140|0x000000070b600000, 0x000000070b600000, 0x000000070b700000|  0%| F|  |TAMS 0x000000070b600000, 0x000000070b600000| Untracked 
| 141|0x000000070b700000, 0x000000070b700000, 0x000000070b800000|  0%| F|  |TAMS 0x000000070b700000, 0x000000070b700000| Untracked 
| 142|0x000000070b800000, 0x000000070b800000, 0x000000070b900000|  0%| F|  |TAMS 0x000000070b800000, 0x000000070b800000| Untracked 
| 143|0x000000070b900000, 0x000000070b900000, 0x000000070ba00000|  0%| F|  |TAMS 0x000000070b900000, 0x000000070b900000| Untracked 
| 144|0x000000070ba00000, 0x000000070ba00000, 0x000000070bb00000|  0%| F|  |TAMS 0x000000070ba00000, 0x000000070ba00000| Untracked 
| 145|0x000000070bb00000, 0x000000070bb00000, 0x000000070bc00000|  0%| F|  |TAMS 0x000000070bb00000, 0x000000070bb00000| Untracked 
| 146|0x000000070bc00000, 0x000000070bc00000, 0x000000070bd00000|  0%| F|  |TAMS 0x000000070bc00000, 0x000000070bc00000| Untracked 
| 147|0x000000070bd00000, 0x000000070bd00000, 0x000000070be00000|  0%| F|  |TAMS 0x000000070bd00000, 0x000000070bd00000| Untracked 
| 148|0x000000070be00000, 0x000000070be00000, 0x000000070bf00000|  0%| F|  |TAMS 0x000000070be00000, 0x000000070be00000| Untracked 
| 149|0x000000070bf00000, 0x000000070bf00000, 0x000000070c000000|  0%| F|  |TAMS 0x000000070bf00000, 0x000000070bf00000| Untracked 
| 150|0x000000070c000000, 0x000000070c000000, 0x000000070c100000|  0%| F|  |TAMS 0x000000070c000000, 0x000000070c000000| Untracked 
| 151|0x000000070c100000, 0x000000070c100000, 0x000000070c200000|  0%| F|  |TAMS 0x000000070c100000, 0x000000070c100000| Untracked 
| 152|0x000000070c200000, 0x000000070c200000, 0x000000070c300000|  0%| F|  |TAMS 0x000000070c200000, 0x000000070c200000| Untracked 
| 153|0x000000070c300000, 0x000000070c300000, 0x000000070c400000|  0%| F|  |TAMS 0x000000070c300000, 0x000000070c300000| Untracked 
| 154|0x000000070c400000, 0x000000070c400000, 0x000000070c500000|  0%| F|  |TAMS 0x000000070c400000, 0x000000070c400000| Untracked 
| 155|0x000000070c500000, 0x000000070c500000, 0x000000070c600000|  0%| F|  |TAMS 0x000000070c500000, 0x000000070c500000| Untracked 
| 156|0x000000070c600000, 0x000000070c600000, 0x000000070c700000|  0%| F|  |TAMS 0x000000070c600000, 0x000000070c600000| Untracked 
| 157|0x000000070c700000, 0x000000070c700000, 0x000000070c800000|  0%| F|  |TAMS 0x000000070c700000, 0x000000070c700000| Untracked 
| 158|0x000000070c800000, 0x000000070c800000, 0x000000070c900000|  0%| F|  |TAMS 0x000000070c800000, 0x000000070c800000| Untracked 
| 159|0x000000070c900000, 0x000000070c900000, 0x000000070ca00000|  0%| F|  |TAMS 0x000000070c900000, 0x000000070c900000| Untracked 
| 160|0x000000070ca00000, 0x000000070ca00000, 0x000000070cb00000|  0%| F|  |TAMS 0x000000070ca00000, 0x000000070ca00000| Untracked 
| 161|0x000000070cb00000, 0x000000070cb00000, 0x000000070cc00000|  0%| F|  |TAMS 0x000000070cb00000, 0x000000070cb00000| Untracked 
| 162|0x000000070cc00000, 0x000000070cc00000, 0x000000070cd00000|  0%| F|  |TAMS 0x000000070cc00000, 0x000000070cc00000| Untracked 
| 163|0x000000070cd00000, 0x000000070cd00000, 0x000000070ce00000|  0%| F|  |TAMS 0x000000070cd00000, 0x000000070cd00000| Untracked 
| 164|0x000000070ce00000, 0x000000070ce00000, 0x000000070cf00000|  0%| F|  |TAMS 0x000000070ce00000, 0x000000070ce00000| Untracked 
| 165|0x000000070cf00000, 0x000000070cf00000, 0x000000070d000000|  0%| F|  |TAMS 0x000000070cf00000, 0x000000070cf00000| Untracked 
| 166|0x000000070d000000, 0x000000070d000000, 0x000000070d100000|  0%| F|  |TAMS 0x000000070d000000, 0x000000070d000000| Untracked 
| 167|0x000000070d100000, 0x000000070d100000, 0x000000070d200000|  0%| F|  |TAMS 0x000000070d100000, 0x000000070d100000| Untracked 
| 168|0x000000070d200000, 0x000000070d200000, 0x000000070d300000|  0%| F|  |TAMS 0x000000070d200000, 0x000000070d200000| Untracked 
| 169|0x000000070d300000, 0x000000070d300000, 0x000000070d400000|  0%| F|  |TAMS 0x000000070d300000, 0x000000070d300000| Untracked 
| 170|0x000000070d400000, 0x000000070d400000, 0x000000070d500000|  0%| F|  |TAMS 0x000000070d400000, 0x000000070d400000| Untracked 
| 171|0x000000070d500000, 0x000000070d500000, 0x000000070d600000|  0%| F|  |TAMS 0x000000070d500000, 0x000000070d500000| Untracked 
| 172|0x000000070d600000, 0x000000070d600000, 0x000000070d700000|  0%| F|  |TAMS 0x000000070d600000, 0x000000070d600000| Untracked 
| 173|0x000000070d700000, 0x000000070d700000, 0x000000070d800000|  0%| F|  |TAMS 0x000000070d700000, 0x000000070d700000| Untracked 
| 174|0x000000070d800000, 0x000000070d800000, 0x000000070d900000|  0%| F|  |TAMS 0x000000070d800000, 0x000000070d800000| Untracked 
| 175|0x000000070d900000, 0x000000070d900000, 0x000000070da00000|  0%| F|  |TAMS 0x000000070d900000, 0x000000070d900000| Untracked 
| 176|0x000000070da00000, 0x000000070da00000, 0x000000070db00000|  0%| F|  |TAMS 0x000000070da00000, 0x000000070da00000| Untracked 
| 177|0x000000070db00000, 0x000000070db00000, 0x000000070dc00000|  0%| F|  |TAMS 0x000000070db00000, 0x000000070db00000| Untracked 
| 178|0x000000070dc00000, 0x000000070dc00000, 0x000000070dd00000|  0%| F|  |TAMS 0x000000070dc00000, 0x000000070dc00000| Untracked 
| 179|0x000000070dd00000, 0x000000070dd00000, 0x000000070de00000|  0%| F|  |TAMS 0x000000070dd00000, 0x000000070dd00000| Untracked 
| 180|0x000000070de00000, 0x000000070de00000, 0x000000070df00000|  0%| F|  |TAMS 0x000000070de00000, 0x000000070de00000| Untracked 
| 181|0x000000070df00000, 0x000000070df00000, 0x000000070e000000|  0%| F|  |TAMS 0x000000070df00000, 0x000000070df00000| Untracked 
| 182|0x000000070e000000, 0x000000070e000000, 0x000000070e100000|  0%| F|  |TAMS 0x000000070e000000, 0x000000070e000000| Untracked 
| 183|0x000000070e100000, 0x000000070e100000, 0x000000070e200000|  0%| F|  |TAMS 0x000000070e100000, 0x000000070e100000| Untracked 
| 184|0x000000070e200000, 0x000000070e200000, 0x000000070e300000|  0%| F|  |TAMS 0x000000070e200000, 0x000000070e200000| Untracked 
| 185|0x000000070e300000, 0x000000070e300000, 0x000000070e400000|  0%| F|  |TAMS 0x000000070e300000, 0x000000070e300000| Untracked 
| 186|0x000000070e400000, 0x000000070e400000, 0x000000070e500000|  0%| F|  |TAMS 0x000000070e400000, 0x000000070e400000| Untracked 
| 187|0x000000070e500000, 0x000000070e500000, 0x000000070e600000|  0%| F|  |TAMS 0x000000070e500000, 0x000000070e500000| Untracked 
| 188|0x000000070e600000, 0x000000070e600000, 0x000000070e700000|  0%| F|  |TAMS 0x000000070e600000, 0x000000070e600000| Untracked 
| 189|0x000000070e700000, 0x000000070e700000, 0x000000070e800000|  0%| F|  |TAMS 0x000000070e700000, 0x000000070e700000| Untracked 
| 190|0x000000070e800000, 0x000000070e800000, 0x000000070e900000|  0%| F|  |TAMS 0x000000070e800000, 0x000000070e800000| Untracked 
| 191|0x000000070e900000, 0x000000070e900000, 0x000000070ea00000|  0%| F|  |TAMS 0x000000070e900000, 0x000000070e900000| Untracked 
| 192|0x000000070ea00000, 0x000000070ea00000, 0x000000070eb00000|  0%| F|  |TAMS 0x000000070ea00000, 0x000000070ea00000| Untracked 
| 193|0x000000070eb00000, 0x000000070eb00000, 0x000000070ec00000|  0%| F|  |TAMS 0x000000070eb00000, 0x000000070eb00000| Untracked 
| 194|0x000000070ec00000, 0x000000070ec00000, 0x000000070ed00000|  0%| F|  |TAMS 0x000000070ec00000, 0x000000070ec00000| Untracked 
| 195|0x000000070ed00000, 0x000000070ed00000, 0x000000070ee00000|  0%| F|  |TAMS 0x000000070ed00000, 0x000000070ed00000| Untracked 
| 196|0x000000070ee00000, 0x000000070ee00000, 0x000000070ef00000|  0%| F|  |TAMS 0x000000070ee00000, 0x000000070ee00000| Untracked 
| 197|0x000000070ef00000, 0x000000070ef00000, 0x000000070f000000|  0%| F|  |TAMS 0x000000070ef00000, 0x000000070ef00000| Untracked 
| 198|0x000000070f000000, 0x000000070f000000, 0x000000070f100000|  0%| F|  |TAMS 0x000000070f000000, 0x000000070f000000| Untracked 
| 199|0x000000070f100000, 0x000000070f100000, 0x000000070f200000|  0%| F|  |TAMS 0x000000070f100000, 0x000000070f100000| Untracked 
| 200|0x000000070f200000, 0x000000070f200000, 0x000000070f300000|  0%| F|  |TAMS 0x000000070f200000, 0x000000070f200000| Untracked 
| 201|0x000000070f300000, 0x000000070f3f7d88, 0x000000070f400000| 96%| S|CS|TAMS 0x000000070f300000, 0x000000070f300000| Complete 
| 202|0x000000070f400000, 0x000000070f500000, 0x000000070f500000|100%| S|CS|TAMS 0x000000070f400000, 0x000000070f400000| Complete 
| 203|0x000000070f500000, 0x000000070f600000, 0x000000070f600000|100%| S|CS|TAMS 0x000000070f500000, 0x000000070f500000| Complete 
| 204|0x000000070f600000, 0x000000070f700000, 0x000000070f700000|100%| S|CS|TAMS 0x000000070f600000, 0x000000070f600000| Complete 
| 205|0x000000070f700000, 0x000000070f800000, 0x000000070f800000|100%| S|CS|TAMS 0x000000070f700000, 0x000000070f700000| Complete 
| 206|0x000000070f800000, 0x000000070f900000, 0x000000070f900000|100%| S|CS|TAMS 0x000000070f800000, 0x000000070f800000| Complete 
| 207|0x000000070f900000, 0x000000070f900000, 0x000000070fa00000|  0%| F|  |TAMS 0x000000070f900000, 0x000000070f900000| Untracked 
| 208|0x000000070fa00000, 0x000000070fa00000, 0x000000070fb00000|  0%| F|  |TAMS 0x000000070fa00000, 0x000000070fa00000| Untracked 
| 209|0x000000070fb00000, 0x000000070fb00000, 0x000000070fc00000|  0%| F|  |TAMS 0x000000070fb00000, 0x000000070fb00000| Untracked 
| 210|0x000000070fc00000, 0x000000070fc00000, 0x000000070fd00000|  0%| F|  |TAMS 0x000000070fc00000, 0x000000070fc00000| Untracked 
| 211|0x000000070fd00000, 0x000000070fd00000, 0x000000070fe00000|  0%| F|  |TAMS 0x000000070fd00000, 0x000000070fd00000| Untracked 
| 212|0x000000070fe00000, 0x000000070fe00000, 0x000000070ff00000|  0%| F|  |TAMS 0x000000070fe00000, 0x000000070fe00000| Untracked 
| 213|0x000000070ff00000, 0x000000070ff00000, 0x0000000710000000|  0%| F|  |TAMS 0x000000070ff00000, 0x000000070ff00000| Untracked 
| 214|0x0000000710000000, 0x0000000710000000, 0x0000000710100000|  0%| F|  |TAMS 0x0000000710000000, 0x0000000710000000| Untracked 
| 215|0x0000000710100000, 0x0000000710100000, 0x0000000710200000|  0%| F|  |TAMS 0x0000000710100000, 0x0000000710100000| Untracked 
| 216|0x0000000710200000, 0x0000000710200000, 0x0000000710300000|  0%| F|  |TAMS 0x0000000710200000, 0x0000000710200000| Untracked 
| 217|0x0000000710300000, 0x0000000710300000, 0x0000000710400000|  0%| F|  |TAMS 0x0000000710300000, 0x0000000710300000| Untracked 
| 218|0x0000000710400000, 0x0000000710400000, 0x0000000710500000|  0%| F|  |TAMS 0x0000000710400000, 0x0000000710400000| Untracked 
| 219|0x0000000710500000, 0x0000000710500000, 0x0000000710600000|  0%| F|  |TAMS 0x0000000710500000, 0x0000000710500000| Untracked 
| 220|0x0000000710600000, 0x0000000710600000, 0x0000000710700000|  0%| F|  |TAMS 0x0000000710600000, 0x0000000710600000| Untracked 
| 221|0x0000000710700000, 0x0000000710700000, 0x0000000710800000|  0%| F|  |TAMS 0x0000000710700000, 0x0000000710700000| Untracked 
| 222|0x0000000710800000, 0x0000000710800000, 0x0000000710900000|  0%| F|  |TAMS 0x0000000710800000, 0x0000000710800000| Untracked 
| 223|0x0000000710900000, 0x0000000710900000, 0x0000000710a00000|  0%| F|  |TAMS 0x0000000710900000, 0x0000000710900000| Untracked 
| 224|0x0000000710a00000, 0x0000000710a00000, 0x0000000710b00000|  0%| F|  |TAMS 0x0000000710a00000, 0x0000000710a00000| Untracked 
| 225|0x0000000710b00000, 0x0000000710b00000, 0x0000000710c00000|  0%| F|  |TAMS 0x0000000710b00000, 0x0000000710b00000| Untracked 
| 226|0x0000000710c00000, 0x0000000710c00000, 0x0000000710d00000|  0%| F|  |TAMS 0x0000000710c00000, 0x0000000710c00000| Untracked 
| 227|0x0000000710d00000, 0x0000000710d00000, 0x0000000710e00000|  0%| F|  |TAMS 0x0000000710d00000, 0x0000000710d00000| Untracked 
| 228|0x0000000710e00000, 0x0000000710e00000, 0x0000000710f00000|  0%| F|  |TAMS 0x0000000710e00000, 0x0000000710e00000| Untracked 
| 229|0x0000000710f00000, 0x0000000710f00000, 0x0000000711000000|  0%| F|  |TAMS 0x0000000710f00000, 0x0000000710f00000| Untracked 
| 230|0x0000000711000000, 0x0000000711000000, 0x0000000711100000|  0%| F|  |TAMS 0x0000000711000000, 0x0000000711000000| Untracked 
| 231|0x0000000711100000, 0x0000000711100000, 0x0000000711200000|  0%| F|  |TAMS 0x0000000711100000, 0x0000000711100000| Untracked 
| 232|0x0000000711200000, 0x0000000711200000, 0x0000000711300000|  0%| F|  |TAMS 0x0000000711200000, 0x0000000711200000| Untracked 
| 233|0x0000000711300000, 0x0000000711300000, 0x0000000711400000|  0%| F|  |TAMS 0x0000000711300000, 0x0000000711300000| Untracked 
| 234|0x0000000711400000, 0x0000000711400000, 0x0000000711500000|  0%| F|  |TAMS 0x0000000711400000, 0x0000000711400000| Untracked 
| 235|0x0000000711500000, 0x0000000711500000, 0x0000000711600000|  0%| F|  |TAMS 0x0000000711500000, 0x0000000711500000| Untracked 
| 236|0x0000000711600000, 0x0000000711600000, 0x0000000711700000|  0%| F|  |TAMS 0x0000000711600000, 0x0000000711600000| Untracked 
| 237|0x0000000711700000, 0x0000000711700000, 0x0000000711800000|  0%| F|  |TAMS 0x0000000711700000, 0x0000000711700000| Untracked 
| 238|0x0000000711800000, 0x0000000711800000, 0x0000000711900000|  0%| F|  |TAMS 0x0000000711800000, 0x0000000711800000| Untracked 
| 239|0x0000000711900000, 0x0000000711900000, 0x0000000711a00000|  0%| F|  |TAMS 0x0000000711900000, 0x0000000711900000| Untracked 
| 240|0x0000000711a00000, 0x0000000711a00000, 0x0000000711b00000|  0%| F|  |TAMS 0x0000000711a00000, 0x0000000711a00000| Untracked 
| 241|0x0000000711b00000, 0x0000000711b00000, 0x0000000711c00000|  0%| F|  |TAMS 0x0000000711b00000, 0x0000000711b00000| Untracked 
| 242|0x0000000711c00000, 0x0000000711c00000, 0x0000000711d00000|  0%| F|  |TAMS 0x0000000711c00000, 0x0000000711c00000| Untracked 
| 243|0x0000000711d00000, 0x0000000711d00000, 0x0000000711e00000|  0%| F|  |TAMS 0x0000000711d00000, 0x0000000711d00000| Untracked 
| 244|0x0000000711e00000, 0x0000000711e00000, 0x0000000711f00000|  0%| F|  |TAMS 0x0000000711e00000, 0x0000000711e00000| Untracked 
| 245|0x0000000711f00000, 0x0000000711f00000, 0x0000000712000000|  0%| F|  |TAMS 0x0000000711f00000, 0x0000000711f00000| Untracked 
| 246|0x0000000712000000, 0x0000000712000000, 0x0000000712100000|  0%| F|  |TAMS 0x0000000712000000, 0x0000000712000000| Untracked 
| 247|0x0000000712100000, 0x00000007121dba28, 0x0000000712200000| 85%| E|  |TAMS 0x0000000712100000, 0x0000000712100000| Complete 
| 248|0x0000000712200000, 0x0000000712300000, 0x0000000712300000|100%| E|CS|TAMS 0x0000000712200000, 0x0000000712200000| Complete 
| 249|0x0000000712300000, 0x0000000712400000, 0x0000000712400000|100%| E|CS|TAMS 0x0000000712300000, 0x0000000712300000| Complete 
| 250|0x0000000712400000, 0x0000000712500000, 0x0000000712500000|100%| E|CS|TAMS 0x0000000712400000, 0x0000000712400000| Complete 
| 251|0x0000000712500000, 0x0000000712600000, 0x0000000712600000|100%| E|CS|TAMS 0x0000000712500000, 0x0000000712500000| Complete 
| 252|0x0000000712600000, 0x0000000712700000, 0x0000000712700000|100%| E|CS|TAMS 0x0000000712600000, 0x0000000712600000| Complete 
| 253|0x0000000712700000, 0x0000000712800000, 0x0000000712800000|100%| E|CS|TAMS 0x0000000712700000, 0x0000000712700000| Complete 

Card table byte_map: [0x000001dcfdb00000,0x000001dcfe2f0000] _byte_map_base: 0x000001dcfa2eb000

Marking Bits (Prev, Next): (CMBitMap*) 0x000001dcfc7f2aa8, (CMBitMap*) 0x000001dcfc7f2ae0
 Prev Bits: [0x000001dc96610000, 0x000001dc9a568000)
 Next Bits: [0x000001dc9a570000, 0x000001dc9e4c8000)

Polling page: 0x000001dcfc840000

Metaspace:

Usage:
  Non-class:     30.47 MB capacity,    29.77 MB ( 98%) used,   568.31 KB (  2%) free+waste,   146.00 KB ( <1%) overhead. 
      Class:      5.05 MB capacity,     4.52 MB ( 90%) used,   462.52 KB (  9%) free+waste,    77.44 KB (  1%) overhead. 
       Both:     35.52 MB capacity,    34.29 MB ( 97%) used,     1.01 MB (  3%) free+waste,   223.44 KB ( <1%) overhead. 

Virtual space:
  Non-class space:       32.00 MB reserved,      30.50 MB ( 95%) committed 
      Class space:        1.00 GB reserved,       5.17 MB ( <1%) committed 
             Both:        1.03 GB reserved,      35.67 MB (  3%) committed 

Chunk freelists:
   Non-Class:  3.75 KB
       Class:  1.88 KB
        Both:  5.62 KB

CodeHeap 'non-profiled nmethods': size=120000Kb used=1568Kb max_used=1568Kb free=118431Kb
 bounds [0x000001dc8f0e0000, 0x000001dc8f350000, 0x000001dc96610000]
CodeHeap 'profiled nmethods': size=120000Kb used=7711Kb max_used=7711Kb free=112288Kb
 bounds [0x000001dc87bb0000, 0x000001dc88340000, 0x000001dc8f0e0000]
CodeHeap 'non-nmethods': size=5760Kb used=1423Kb max_used=1447Kb free=4336Kb
 bounds [0x000001dc87610000, 0x000001dc87880000, 0x000001dc87bb0000]
 total_blobs=4620 nmethods=3742 adapters=789
 compilation: enabled
              stopped_count=0, restarted_count=0
 full_count=0

Compilation events (10 events):
Event: 7.047 Thread 0x000001dca05a4000 nmethod 3650 0x000001dc88312d90 code [0x000001dc88313060, 0x000001dc883142b8]
Event: 7.047 Thread 0x000001dca05a4000 3654       3       java.util.AbstractCollection::toArray (144 bytes)
Event: 7.047 Thread 0x000001dca05a4000 nmethod 3654 0x000001dc88314a90 code [0x000001dc88314d40, 0x000001dc88315f78]
Event: 7.047 Thread 0x000001dca05a4000 3658       3       com.sun.javafx.css.StyleCache$Key::equals (132 bytes)
Event: 7.047 Thread 0x000001dca05a0800 nmethod 3642% 0x000001dc8f25ce10 code [0x000001dc8f25cfa0, 0x000001dc8f25d418]
Event: 7.047 Thread 0x000001dca05a0800 3657       4       sun.misc.Unsafe::getByte (8 bytes)
Event: 7.048 Thread 0x000001dca05a0800 nmethod 3657 0x000001dc8f25d790 code [0x000001dc8f25d900, 0x000001dc8f25d978]
Event: 7.048 Thread 0x000001dca05a0800 3660 %     4       com.sun.marlin.MaskMarlinAlphaConsumer::setAndClearRelativeAlphas @ 507 (641 bytes)
Event: 7.048 Thread 0x000001dca05a4000 nmethod 3658 0x000001dc88316390 code [0x000001dc88316560, 0x000001dc88316bd8]
Event: 7.048 Thread 0x000001dca05a4000 3661       3       javafx.scene.Parent::updateBounds (44 bytes)

GC Heap History (6 events):
Event: 0.687 GC heap before
{Heap before GC invocations=0 (full 0):
 garbage-first heap   total 260096K, used 23552K [0x0000000702a00000, 0x0000000800000000)
  region size 1024K, 24 young (24576K), 0 survivors (0K)
 Metaspace       used 11479K, capacity 11814K, committed 12032K, reserved 1060864K
  class space    used 1266K, capacity 1432K, committed 1536K, reserved 1048576K
}
Event: 0.690 GC heap after
{Heap after GC invocations=1 (full 0):
 garbage-first heap   total 260096K, used 3204K [0x0000000702a00000, 0x0000000800000000)
  region size 1024K, 3 young (3072K), 3 survivors (3072K)
 Metaspace       used 11479K, capacity 11814K, committed 12032K, reserved 1060864K
  class space    used 1266K, capacity 1432K, committed 1536K, reserved 1048576K
}
Event: 1.507 GC heap before
{Heap before GC invocations=1 (full 0):
 garbage-first heap   total 260096K, used 53380K [0x0000000702a00000, 0x0000000800000000)
  region size 1024K, 33 young (33792K), 3 survivors (3072K)
 Metaspace       used 20545K, capacity 21176K, committed 21248K, reserved 1067008K
  class space    used 2527K, capacity 2809K, committed 2816K, reserved 1048576K
}
Event: 1.515 GC heap after
{Heap after GC invocations=2 (full 0):
 garbage-first heap   total 260096K, used 22329K [0x0000000702a00000, 0x0000000800000000)
  region size 1024K, 7 young (7168K), 7 survivors (7168K)
 Metaspace       used 20545K, capacity 21176K, committed 21248K, reserved 1067008K
  class space    used 2527K, capacity 2809K, committed 2816K, reserved 1048576K
}
Event: 6.866 GC heap before
{Heap before GC invocations=3 (full 0):
 garbage-first heap   total 260096K, used 63289K [0x0000000702a00000, 0x0000000800000000)
  region size 1024K, 47 young (48128K), 7 survivors (7168K)
 Metaspace       used 34372K, capacity 35587K, committed 35628K, reserved 1079296K
  class space    used 4572K, capacity 5123K, committed 5164K, reserved 1048576K
}
Event: 6.877 GC heap after
{Heap after GC invocations=4 (full 0):
 garbage-first heap   total 260096K, used 30347K [0x0000000702a00000, 0x0000000800000000)
  region size 1024K, 6 young (6144K), 6 survivors (6144K)
 Metaspace       used 34372K, capacity 35587K, committed 35628K, reserved 1079296K
  class space    used 4572K, capacity 5123K, committed 5164K, reserved 1048576K
}

Deoptimization events (10 events):
Event: 6.827 Thread 0x000001dca076d000 Uncommon trap: reason=array_check action=maybe_recompile pc=0x000001dc8f22ca98 method=javafx.css.SimpleSelector.applies(Ljavafx/css/Styleable;[Ljava/util/Set;I)Z @ 37 c2
Event: 6.828 Thread 0x000001dca076d000 Uncommon trap: reason=array_check action=maybe_recompile pc=0x000001dc8f22ca98 method=javafx.css.SimpleSelector.applies(Ljavafx/css/Styleable;[Ljava/util/Set;I)Z @ 37 c2
Event: 6.828 Thread 0x000001dca076d000 Uncommon trap: reason=array_check action=maybe_recompile pc=0x000001dc8f22ca98 method=javafx.css.SimpleSelector.applies(Ljavafx/css/Styleable;[Ljava/util/Set;I)Z @ 37 c2
Event: 6.828 Thread 0x000001dca076d000 Uncommon trap: reason=array_check action=maybe_recompile pc=0x000001dc8f22ca98 method=javafx.css.SimpleSelector.applies(Ljavafx/css/Styleable;[Ljava/util/Set;I)Z @ 37 c2
Event: 6.848 Thread 0x000001dca076d000 Uncommon trap: reason=unstable_if action=reinterpret pc=0x000001dc8f12fb58 method=java.util.Objects.equals(Ljava/lang/Object;Ljava/lang/Object;)Z @ 6 c2
Event: 6.997 Thread 0x000001dca076d000 Uncommon trap: reason=bimorphic_or_optimized_type_check action=maybe_recompile pc=0x000001dc8f23f0fc method=javafx.beans.property.DoublePropertyBase.get()D @ 23 c2
Event: 6.997 Thread 0x000001dca076d000 Uncommon trap: reason=bimorphic_or_optimized_type_check action=maybe_recompile pc=0x000001dc8f23f0fc method=javafx.beans.property.DoublePropertyBase.get()D @ 23 c2
Event: 6.997 Thread 0x000001dca076d000 Uncommon trap: reason=bimorphic_or_optimized_type_check action=maybe_recompile pc=0x000001dc8f23f0fc method=javafx.beans.property.DoublePropertyBase.get()D @ 23 c2
Event: 6.997 Thread 0x000001dca076d000 Uncommon trap: reason=bimorphic_or_optimized_type_check action=maybe_recompile pc=0x000001dc8f23f0fc method=javafx.beans.property.DoublePropertyBase.get()D @ 23 c2
Event: 7.027 Thread 0x000001dca076d000 Uncommon trap: reason=unstable_if action=reinterpret pc=0x000001dc8f24e864 method=javafx.scene.Node.transformedBoundsChanged()V @ 4 c2

Classes redefined (0 events):
No events

Internal exceptions (10 events):
Event: 6.242 Thread 0x000001dca076d000 Exception <a 'sun/nio/fs/WindowsException'{0x00000007112153d8}> (0x00000007112153d8) thrown at [./open/src/hotspot/share/prims/jni.cpp, line 611]
Event: 6.250 Thread 0x000001dca076d000 Exception <a 'java/lang/NoSuchMethodError'{0x000000071123a108}: java.lang.invoke.DirectMethodHandle$Holder.invokeStaticInit(Ljava/lang/Object;Ljava/lang/Object;Ljava/lang/Object;Ljava/lang/Object;)I> (0x000000071123a108) thrown at [./open/src/hotspot/shar
Event: 6.250 Thread 0x000001dca076d000 Exception <a 'java/lang/IncompatibleClassChangeError'{0x0000000711243730}: Found class java.lang.Object, but interface was expected> (0x0000000711243730) thrown at [./open/src/hotspot/share/interpreter/linkResolver.cpp, line 838]
Event: 6.503 Thread 0x000001dca076d000 Exception <a 'java/lang/NoSuchMethodError'{0x00000007111b3990}: java.lang.invoke.DirectMethodHandle$Holder.invokeStatic(Ljava/lang/Object;Ljava/lang/Object;IIII)Ljava/lang/Object;> (0x00000007111b3990) thrown at [./open/src/hotspot/share/interpreter/linkR
Event: 6.503 Thread 0x000001dca076d000 Exception <a 'java/lang/NoSuchMethodError'{0x00000007111b7228}: java.lang.invoke.DirectMethodHandle$Holder.invokeStaticInit(Ljava/lang/Object;Ljava/lang/Object;IIII)Ljava/lang/Object;> (0x00000007111b7228) thrown at [./open/src/hotspot/share/interpreter/l
Event: 6.669 Thread 0x000001dca076d000 Exception <a 'java/lang/ClassNotFoundException'{0x0000000710cac648}: com/sun/javafx/scene/control/skin/resources/controls> (0x0000000710cac648) thrown at [./open/src/hotspot/share/prims/jni.cpp, line 632]
Event: 6.670 Thread 0x000001dca076d000 Exception <a 'java/lang/ClassNotFoundException'{0x0000000710cbac00}: com/sun/javafx/scene/control/skin/resources/controls_en> (0x0000000710cbac00) thrown at [./open/src/hotspot/share/prims/jni.cpp, line 632]
Event: 6.670 Thread 0x000001dca076d000 Exception <a 'java/lang/ClassNotFoundException'{0x0000000710cbd128}: com/sun/javafx/scene/control/skin/resources/controls_en_US> (0x0000000710cbd128) thrown at [./open/src/hotspot/share/prims/jni.cpp, line 632]
Event: 6.688 Thread 0x000001dca076d000 Exception <a 'java/lang/NoSuchMethodError'{0x0000000710a2bac8}: java.lang.invoke.DirectMethodHandle$Holder.invokeSpecial(Ljava/lang/Object;Ljava/lang/Object;Ljava/lang/Object;Ljava/lang/Object;Ljava/lang/Object;Ljava/lang/Object;)V> (0x0000000710a2bac8) t
Event: 6.807 Thread 0x000001dca076d000 Exception <a 'java/lang/NoSuchMethodError'{0x000000070fcda4a0}: java.lang.invoke.DirectMethodHandle$Holder.invokeSpecialIFC(Ljava/lang/Object;Ljava/lang/Object;Ljava/lang/Object;Ljava/lang/Object;)V> (0x000000070fcda4a0) thrown at [./open/src/hotspot/shar

Events (10 events):
Event: 7.025 loading class javafx/animation/AnimationTimer$AnimationTimerReceiver done
Event: 7.027 Thread 0x000001dca076d000 Uncommon trap: trap_request=0xffffff4d fr.pc=0x000001dc8f24e864 relative=0x0000000000000224
Event: 7.027 Thread 0x000001dca076d000 DEOPT PACKING pc=0x000001dc8f24e864 sp=0x0000005b7d1fc2b0
Event: 7.027 Thread 0x000001dca076d000 DEOPT UNPACKING pc=0x000001dc876368af sp=0x0000005b7d1fc260 mode 2
Event: 7.032 Executing VM operation: ICBufferFull
Event: 7.032 Executing VM operation: ICBufferFull done
Event: 7.039 loading class com/sun/prism/impl/ps/CachingShapeRepState$CacheEntry
Event: 7.039 loading class com/sun/prism/impl/ps/CachingShapeRepState$CacheEntry done
Event: 7.039 loading class com/sun/prism/impl/ps/CachingShapeRepState$CacheEntry
Event: 7.039 loading class com/sun/prism/impl/ps/CachingShapeRepState$CacheEntry done


Dynamic libraries:
0x00007ff74d7d0000 - 0x00007ff74d7e0000 	C:\Program Files\Java\jdk-11\bin\java.exe
0x00007ff9cd4d0000 - 0x00007ff9cd6e7000 	C:\WINDOWS\SYSTEM32\ntdll.dll
0x00007ff9cb9c0000 - 0x00007ff9cba84000 	C:\WINDOWS\System32\KERNEL32.DLL
0x00007ff9cac10000 - 0x00007ff9cafb6000 	C:\WINDOWS\System32\KERNELBASE.dll
0x00007ff9ca9d0000 - 0x00007ff9caae1000 	C:\WINDOWS\System32\ucrtbase.dll
0x00007ff9b57f0000 - 0x00007ff9b5809000 	C:\Program Files\Java\jdk-11\bin\jli.dll
0x00007ff9b1930000 - 0x00007ff9b194b000 	C:\Program Files\Java\jdk-11\bin\VCRUNTIME140.dll
0x00007ff9cc380000 - 0x00007ff9cc431000 	C:\WINDOWS\System32\ADVAPI32.dll
0x00007ff9cb590000 - 0x00007ff9cb637000 	C:\WINDOWS\System32\msvcrt.dll
0x00007ff9cb4e0000 - 0x00007ff9cb585000 	C:\WINDOWS\System32\sechost.dll
0x00007ff9ccd20000 - 0x00007ff9cce37000 	C:\WINDOWS\System32\RPCRT4.dll
0x00007ff9cb7f0000 - 0x00007ff9cb99e000 	C:\WINDOWS\System32\USER32.dll
0x00007ff9ca840000 - 0x00007ff9ca866000 	C:\WINDOWS\System32\win32u.dll
0x00007ff9ccfd0000 - 0x00007ff9ccff9000 	C:\WINDOWS\System32\GDI32.dll
0x00007ff9caaf0000 - 0x00007ff9cac08000 	C:\WINDOWS\System32\gdi32full.dll
0x00007ff9b6050000 - 0x00007ff9b62e3000 	C:\WINDOWS\WinSxS\amd64_microsoft.windows.common-controls_6595b64144ccf1df_6.0.22621.2506_none_270c5ae97388e100\COMCTL32.dll
0x00007ff9ca870000 - 0x00007ff9ca90a000 	C:\WINDOWS\System32\msvcp_win.dll
0x00007ff9ca2e0000 - 0x00007ff9ca2ea000 	C:\WINDOWS\SYSTEM32\VERSION.dll
0x00007ff9ccf90000 - 0x00007ff9ccfc1000 	C:\WINDOWS\System32\IMM32.DLL
0x00000000535f0000 - 0x00000000535fc000 	C:\Program Files (x86)\360\Total Security\safemon\SafeWrapper.dll
0x00007ff99cb00000 - 0x00007ff99cb92000 	C:\Program Files (x86)\360\Total Security\safemon\libzdtp64.dll
0x00007ff9cc4b0000 - 0x00007ff9ccd0a000 	C:\WINDOWS\System32\SHELL32.dll
0x00007ff9cb790000 - 0x00007ff9cb7ee000 	C:\WINDOWS\System32\SHLWAPI.dll
0x00007ff9b1900000 - 0x00007ff9b190c000 	C:\Program Files\Java\jdk-11\bin\vcruntime140_1.dll
0x00007ff97f2c0000 - 0x00007ff97f34e000 	C:\Program Files\Java\jdk-11\bin\msvcp140.dll
0x00007ff9280f0000 - 0x00007ff928c5d000 	C:\Program Files\Java\jdk-11\bin\server\jvm.dll
0x00007ff9ccd10000 - 0x00007ff9ccd18000 	C:\WINDOWS\System32\PSAPI.DLL
0x00007ff9b06e0000 - 0x00007ff9b06e9000 	C:\WINDOWS\SYSTEM32\WSOCK32.dll
0x00007ff9c3540000 - 0x00007ff9c3574000 	C:\WINDOWS\SYSTEM32\WINMM.dll
0x00007ff9cd000000 - 0x00007ff9cd071000 	C:\WINDOWS\System32\WS2_32.dll
0x00007ff9c98c0000 - 0x00007ff9c98d8000 	C:\WINDOWS\SYSTEM32\kernel.appcore.dll
0x00007ff9a46c0000 - 0x00007ff9a46d0000 	C:\Program Files\Java\jdk-11\bin\verify.dll
0x00007ff9c80e0000 - 0x00007ff9c8313000 	C:\WINDOWS\SYSTEM32\DBGHELP.DLL
0x00007ff9cd080000 - 0x00007ff9cd409000 	C:\WINDOWS\System32\combase.dll
0x00007ff9cbe20000 - 0x00007ff9cbef7000 	C:\WINDOWS\System32\OLEAUT32.dll
0x00007ff9a5eb0000 - 0x00007ff9a5ee2000 	C:\WINDOWS\SYSTEM32\dbgcore.DLL
0x00007ff9cafc0000 - 0x00007ff9cb03a000 	C:\WINDOWS\System32\bcryptPrimitives.dll
0x00007ff98d9c0000 - 0x00007ff98d9e8000 	C:\Program Files\Java\jdk-11\bin\java.dll
0x00007ff9a1d20000 - 0x00007ff9a1d2a000 	C:\Program Files\Java\jdk-11\bin\jimage.dll
0x00007ff99e900000 - 0x00007ff99e917000 	C:\Program Files\Java\jdk-11\bin\zip.dll
0x00007ff9c8700000 - 0x00007ff9c8ff6000 	C:\WINDOWS\SYSTEM32\windows.storage.dll
0x00007ff9c85c0000 - 0x00007ff9c86fe000 	C:\WINDOWS\SYSTEM32\wintypes.dll
0x00007ff9cb380000 - 0x00007ff9cb473000 	C:\WINDOWS\System32\SHCORE.dll
0x00007ff9ca770000 - 0x00007ff9ca796000 	C:\WINDOWS\SYSTEM32\profapi.dll
0x00007ff99bba0000 - 0x00007ff99bbb9000 	C:\Program Files\Java\jdk-11\bin\net.dll
0x00007ff9c47d0000 - 0x00007ff9c4907000 	C:\WINDOWS\SYSTEM32\WINHTTP.dll
0x00007ff9c9d40000 - 0x00007ff9c9da9000 	C:\WINDOWS\system32\mswsock.dll
0x00007ff994ea0000 - 0x00007ff994eb2000 	C:\Program Files\Java\jdk-11\bin\nio.dll
0x000001dcfc880000 - 0x000001dcfc883000 	C:\Users\pythonord\.openjfx\cache\19+11\amd64\api-ms-win-core-console-l1-1-0.dll
0x000001dcfff70000 - 0x000001dcfff73000 	C:\Users\pythonord\.openjfx\cache\19+11\amd64\api-ms-win-core-console-l1-2-0.dll
0x000001dcfff80000 - 0x000001dcfff83000 	C:\Users\pythonord\.openjfx\cache\19+11\amd64\api-ms-win-core-datetime-l1-1-0.dll
0x000001dcfff90000 - 0x000001dcfff93000 	C:\Users\pythonord\.openjfx\cache\19+11\amd64\api-ms-win-core-debug-l1-1-0.dll
0x000001dcfffa0000 - 0x000001dcfffa3000 	C:\Users\pythonord\.openjfx\cache\19+11\amd64\api-ms-win-core-errorhandling-l1-1-0.dll
0x000001dca20a0000 - 0x000001dca20a4000 	C:\Users\pythonord\.openjfx\cache\19+11\amd64\api-ms-win-core-file-l1-1-0.dll
0x000001dca20b0000 - 0x000001dca20b3000 	C:\Users\pythonord\.openjfx\cache\19+11\amd64\api-ms-win-core-file-l1-2-0.dll
0x000001dca20c0000 - 0x000001dca20c3000 	C:\Users\pythonord\.openjfx\cache\19+11\amd64\api-ms-win-core-file-l2-1-0.dll
0x000001dca20d0000 - 0x000001dca20d3000 	C:\Users\pythonord\.openjfx\cache\19+11\amd64\api-ms-win-core-handle-l1-1-0.dll
0x000001dca20e0000 - 0x000001dca20e3000 	C:\Users\pythonord\.openjfx\cache\19+11\amd64\api-ms-win-core-heap-l1-1-0.dll
0x000001dca20f0000 - 0x000001dca20f3000 	C:\Users\pythonord\.openjfx\cache\19+11\amd64\api-ms-win-core-interlocked-l1-1-0.dll
0x000001dca2100000 - 0x000001dca2103000 	C:\Users\pythonord\.openjfx\cache\19+11\amd64\api-ms-win-core-libraryloader-l1-1-0.dll
0x000001dca2110000 - 0x000001dca2113000 	C:\Users\pythonord\.openjfx\cache\19+11\amd64\api-ms-win-core-localization-l1-2-0.dll
0x000001dca2120000 - 0x000001dca2123000 	C:\Users\pythonord\.openjfx\cache\19+11\amd64\api-ms-win-core-memory-l1-1-0.dll
0x000001dca2130000 - 0x000001dca2133000 	C:\Users\pythonord\.openjfx\cache\19+11\amd64\api-ms-win-core-namedpipe-l1-1-0.dll
0x000001dca2140000 - 0x000001dca2143000 	C:\Users\pythonord\.openjfx\cache\19+11\amd64\api-ms-win-core-processenvironment-l1-1-0.dll
0x000001dca2150000 - 0x000001dca2153000 	C:\Users\pythonord\.openjfx\cache\19+11\amd64\api-ms-win-core-processthreads-l1-1-0.dll
0x000001dca2160000 - 0x000001dca2163000 	C:\Users\pythonord\.openjfx\cache\19+11\amd64\api-ms-win-core-processthreads-l1-1-1.dll
0x000001dca2170000 - 0x000001dca2173000 	C:\Users\pythonord\.openjfx\cache\19+11\amd64\api-ms-win-core-profile-l1-1-0.dll
0x000001dca2180000 - 0x000001dca2183000 	C:\Users\pythonord\.openjfx\cache\19+11\amd64\api-ms-win-core-rtlsupport-l1-1-0.dll
0x000001dca2190000 - 0x000001dca2193000 	C:\Users\pythonord\.openjfx\cache\19+11\amd64\api-ms-win-core-string-l1-1-0.dll
0x000001dca21a0000 - 0x000001dca21a3000 	C:\Users\pythonord\.openjfx\cache\19+11\amd64\api-ms-win-core-synch-l1-1-0.dll
0x000001dca21b0000 - 0x000001dca21b3000 	C:\Users\pythonord\.openjfx\cache\19+11\amd64\api-ms-win-core-synch-l1-2-0.dll
0x000001dca21c0000 - 0x000001dca21c3000 	C:\Users\pythonord\.openjfx\cache\19+11\amd64\api-ms-win-core-sysinfo-l1-1-0.dll
0x000001dca21d0000 - 0x000001dca21d3000 	C:\Users\pythonord\.openjfx\cache\19+11\amd64\api-ms-win-core-timezone-l1-1-0.dll
0x000001dca21e0000 - 0x000001dca21e3000 	C:\Users\pythonord\.openjfx\cache\19+11\amd64\api-ms-win-core-util-l1-1-0.dll
0x000001dca21f0000 - 0x000001dca21f3000 	C:\Users\pythonord\.openjfx\cache\19+11\amd64\api-ms-win-crt-conio-l1-1-0.dll
0x000001dca2200000 - 0x000001dca2204000 	C:\Users\pythonord\.openjfx\cache\19+11\amd64\api-ms-win-crt-convert-l1-1-0.dll
0x000001dca2210000 - 0x000001dca2213000 	C:\Users\pythonord\.openjfx\cache\19+11\amd64\api-ms-win-crt-environment-l1-1-0.dll
0x000001dca2220000 - 0x000001dca2223000 	C:\Users\pythonord\.openjfx\cache\19+11\amd64\api-ms-win-crt-filesystem-l1-1-0.dll
0x000001dca2230000 - 0x000001dca2233000 	C:\Users\pythonord\.openjfx\cache\19+11\amd64\api-ms-win-crt-heap-l1-1-0.dll
0x000001dca2240000 - 0x000001dca2243000 	C:\Users\pythonord\.openjfx\cache\19+11\amd64\api-ms-win-crt-locale-l1-1-0.dll
0x000001dca2250000 - 0x000001dca2255000 	C:\Users\pythonord\.openjfx\cache\19+11\amd64\api-ms-win-crt-math-l1-1-0.dll
0x000001dca2260000 - 0x000001dca2265000 	C:\Users\pythonord\.openjfx\cache\19+11\amd64\api-ms-win-crt-multibyte-l1-1-0.dll
0x000001dca2270000 - 0x000001dca2280000 	C:\Users\pythonord\.openjfx\cache\19+11\amd64\api-ms-win-crt-private-l1-1-0.dll
0x000001dca2280000 - 0x000001dca2283000 	C:\Users\pythonord\.openjfx\cache\19+11\amd64\api-ms-win-crt-process-l1-1-0.dll
0x000001dca2290000 - 0x000001dca2294000 	C:\Users\pythonord\.openjfx\cache\19+11\amd64\api-ms-win-crt-runtime-l1-1-0.dll
0x000001dca22a0000 - 0x000001dca22a4000 	C:\Users\pythonord\.openjfx\cache\19+11\amd64\api-ms-win-crt-stdio-l1-1-0.dll
0x000001dca22b0000 - 0x000001dca22b4000 	C:\Users\pythonord\.openjfx\cache\19+11\amd64\api-ms-win-crt-string-l1-1-0.dll
0x000001dca22c0000 - 0x000001dca22c3000 	C:\Users\pythonord\.openjfx\cache\19+11\amd64\api-ms-win-crt-time-l1-1-0.dll
0x000001dca22d0000 - 0x000001dca22d3000 	C:\Users\pythonord\.openjfx\cache\19+11\amd64\api-ms-win-crt-utility-l1-1-0.dll
0x00007ff9656c0000 - 0x00007ff9657bc000 	C:\Users\pythonord\.openjfx\cache\19+11\amd64\ucrtbase.dll
0x00007ff990060000 - 0x00007ff99007b000 	C:\Users\pythonord\.openjfx\cache\19+11\amd64\vcruntime140.dll
0x00007ff9a1b80000 - 0x00007ff9a1b8c000 	C:\Users\pythonord\.openjfx\cache\19+11\amd64\vcruntime140_1.dll
0x00007ff93c9e0000 - 0x00007ff93ca6e000 	C:\Users\pythonord\.openjfx\cache\19+11\amd64\msvcp140.dll
0x00007ff99d990000 - 0x00007ff99d999000 	C:\Users\pythonord\.openjfx\cache\19+11\amd64\msvcp140_1.dll
0x00007ff987460000 - 0x00007ff987490000 	C:\Users\pythonord\.openjfx\cache\19+11\amd64\msvcp140_2.dll
0x00007ff982630000 - 0x00007ff98265c000 	C:\Users\pythonord\.openjfx\cache\19+11\amd64\prism_d3d.dll
0x00007ff991c30000 - 0x00007ff991dd9000 	C:\WINDOWS\system32\d3d9.dll
0x00007ff9c7ae0000 - 0x00007ff9c7b0b000 	C:\WINDOWS\SYSTEM32\dwmapi.dll
0x00007ff9c7b50000 - 0x00007ff9c7b86000 	C:\WINDOWS\SYSTEM32\dxcore.dll
0x00007ff9c7850000 - 0x00007ff9c78fb000 	C:\WINDOWS\system32\uxtheme.dll
0x00007ff983090000 - 0x00007ff9831ed000 	C:\WINDOWS\System32\DriverStore\FileRepository\iigd_dch.inf_amd64_2b7bcff446ea567f\igdumdim64.dll
0x00007ff933fd0000 - 0x00007ff9378a2000 	C:\WINDOWS\System32\DriverStore\FileRepository\iigd_dch.inf_amd64_2b7bcff446ea567f\igd9dxva64.dll
0x00007ff9cba90000 - 0x00007ff9cbc30000 	C:\WINDOWS\System32\ole32.dll
0x00007ff9cbf00000 - 0x00007ff9cc374000 	C:\WINDOWS\System32\SETUPAPI.dll
0x00007ff9ca4c0000 - 0x00007ff9ca50e000 	C:\WINDOWS\SYSTEM32\cfgmgr32.dll
0x00007ff9bf930000 - 0x00007ff9bfad5000 	C:\WINDOWS\System32\DriverStore\FileRepository\iigd_dch.inf_amd64_2b7bcff446ea567f\igdgmm64.dll
0x00007ff9c42a0000 - 0x00007ff9c42ea000 	C:\WINDOWS\SYSTEM32\directxdatabasehelper.dll
0x00007ff9b7cd0000 - 0x00007ff9b7d8c000 	C:\WINDOWS\System32\DriverStore\FileRepository\nvaci.inf_amd64_11627d844055f4ec\nvldumdx.dll
0x00007ff9ca510000 - 0x00007ff9ca522000 	C:\WINDOWS\SYSTEM32\msasn1.dll
0x00007ff9c2820000 - 0x00007ff9c2852000 	C:\WINDOWS\SYSTEM32\cryptnet.dll
0x00007ff9cb0b0000 - 0x00007ff9cb216000 	C:\WINDOWS\System32\CRYPT32.dll
0x00007ff9c2510000 - 0x00007ff9c2668000 	C:\WINDOWS\SYSTEM32\drvstore.dll
0x00007ff9ca490000 - 0x00007ff9ca4bc000 	C:\WINDOWS\SYSTEM32\devobj.dll
0x00007ff9ca040000 - 0x00007ff9ca08b000 	C:\WINDOWS\SYSTEM32\wldp.dll
0x00007ff9c9fb0000 - 0x00007ff9c9fbc000 	C:\WINDOWS\SYSTEM32\cryptbase.dll
0x00007ff9cb040000 - 0x00007ff9cb0ab000 	C:\WINDOWS\System32\wintrust.dll
0x00007ff9cb9a0000 - 0x00007ff9cb9bf000 	C:\WINDOWS\System32\imagehlp.dll
0x00007ff9c9f90000 - 0x00007ff9c9fab000 	C:\WINDOWS\SYSTEM32\CRYPTSP.dll
0x00007ff9c9820000 - 0x00007ff9c9855000 	C:\WINDOWS\system32\rsaenh.dll
0x00007ff9ca160000 - 0x00007ff9ca188000 	C:\WINDOWS\SYSTEM32\bcrypt.dll
0x00007ff9b2880000 - 0x00007ff9b4a6d000 	C:\WINDOWS\System32\DriverStore\FileRepository\nvaci.inf_amd64_11627d844055f4ec\nvgpucomp64.dll
0x00007ff92cb40000 - 0x00007ff92f504000 	C:\WINDOWS\System32\DriverStore\FileRepository\nvaci.inf_amd64_11627d844055f4ec\nvd3dumx.dll
0x00007ff97f270000 - 0x00007ff97f2b2000 	C:\Users\pythonord\.openjfx\cache\19+11\amd64\glass.dll
0x00007ff9cce90000 - 0x00007ff9ccf89000 	C:\WINDOWS\System32\COMDLG32.dll
0x00007ff9cb220000 - 0x00007ff9cb370000 	C:\WINDOWS\System32\MSCTF.dll
0x00007ff994f90000 - 0x00007ff994fb6000 	C:\WINDOWS\System32\DriverStore\FileRepository\iigd_dch.inf_amd64_2b7bcff446ea567f\igdinfo64.dll
0x00007ff9bc740000 - 0x00007ff9bf1f6000 	C:\WINDOWS\System32\DriverStore\FileRepository\iigd_dch.inf_amd64_2b7bcff446ea567f\igc64.dll
0x00007ff982160000 - 0x00007ff982174000 	C:\Users\pythonord\.openjfx\cache\19+11\amd64\javafx_font.dll

dbghelp: loaded successfully - version: 4.0.5 - missing functions: none
symbol engine: initialized successfully - sym options: 0x614 - pdb path: .;C:\Program Files\Java\jdk-11\bin;C:\WINDOWS\SYSTEM32;C:\WINDOWS\WinSxS\amd64_microsoft.windows.common-controls_6595b64144ccf1df_6.0.22621.2506_none_270c5ae97388e100;C:\Program Files (x86)\360\Total Security\safemon;C:\Program Files\Java\jdk-11\bin\server;C:\Users\pythonord\.openjfx\cache\19+11\amd64;C:\WINDOWS\System32\DriverStore\FileRepository\iigd_dch.inf_amd64_2b7bcff446ea567f;C:\WINDOWS\System32\DriverStore\FileRepository\nvaci.inf_amd64_11627d844055f4ec;C:\Program Files\Common Files\Microsoft Shared\Ink

VM Arguments:
jvm_args: --module-path=C:\Users\pythonord\.m2\repository\org\openjfx\javafx-base\19\javafx-base-19-win.jar;C:\Users\pythonord\.m2\repository\org\openjfx\javafx-base\19\javafx-base-19.jar;C:\Users\pythonord\.m2\repository\org\openjfx\javafx-controls\19\javafx-controls-19-win.jar;C:\Users\pythonord\.m2\repository\org\openjfx\javafx-controls\19\javafx-controls-19.jar;C:\Users\pythonord\.m2\repository\org\openjfx\javafx-fxml\19\javafx-fxml-19-win.jar;C:\Users\pythonord\.m2\repository\org\openjfx\javafx-fxml\19\javafx-fxml-19.jar;C:\Users\pythonord\.m2\repository\org\openjfx\javafx-graphics\19\javafx-graphics-19-win.jar;C:\Users\pythonord\.m2\repository\org\openjfx\javafx-graphics\19\javafx-graphics-19.jar --add-modules=javafx.base,javafx.controls,javafx.fxml,javafx.graphics 
java_command: Appinitializer
java_class_path (initial): D:\Course\00. Standalone Application Development\Day 4 - Nov 18, 2023\01. POS\Maven-pos\target\classes;C:\Users\pythonord\.m2\repository\com\google\protobuf\protobuf-java\3.21.9\protobuf-java-3.21.9.jar;C:\Users\pythonord\.m2\repository\com\jfoenix\jfoenix\9.0.1\jfoenix-9.0.1.jar;C:\Users\pythonord\.m2\repository\com\mysql\mysql-connector-j\8.0.32\mysql-connector-j-8.0.32.jar;C:\Users\pythonord\.m2\repository\org\projectlombok\lombok\1.18.28\lombok-1.18.28.jar
Launcher Type: SUN_STANDARD

[Global flags]
     intx CICompilerCount                          = 4                                         {product} {ergonomic}
     uint ConcGCThreads                            = 2                                         {product} {ergonomic}
     uint G1ConcRefinementThreads                  = 8                                         {product} {ergonomic}
   size_t G1HeapRegionSize                         = 1048576                                   {product} {ergonomic}
    uintx GCDrainStackTargetSize                   = 64                                        {product} {ergonomic}
   size_t InitialHeapSize                          = 266338304                                 {product} {ergonomic}
   size_t MarkStackSize                            = 4194304                                   {product} {ergonomic}
   size_t MaxHeapSize                              = 4250927104                                {product} {ergonomic}
   size_t MaxNewSize                               = 2550136832                                {product} {ergonomic}
   size_t MinHeapDeltaBytes                        = 1048576                                   {product} {ergonomic}
    uintx NonNMethodCodeHeapSize                   = 5836300                                {pd product} {ergonomic}
    uintx NonProfiledCodeHeapSize                  = 122910970                              {pd product} {ergonomic}
    uintx ProfiledCodeHeapSize                     = 122910970                              {pd product} {ergonomic}
    uintx ReservedCodeCacheSize                    = 251658240                              {pd product} {ergonomic}
     bool SegmentedCodeCache                       = true                                      {product} {ergonomic}
     bool UseCompressedClassPointers               = true                                 {lp64_product} {ergonomic}
     bool UseCompressedOops                        = true                                 {lp64_product} {ergonomic}
     bool UseG1GC                                  = true                                      {product} {ergonomic}
     bool UseLargePagesIndividualAllocation        = false                                  {pd product} {ergonomic}

Logging:
Log output configuration:
 #0: stdout all=warning uptime,level,tags
 #1: stderr all=off uptime,level,tags

Environment Variables:
JAVA_HOME=C:\Program Files\Java\jdk-11\bin
PATH=C:\Program Files\Java\jdk-11\bin;C:\Program Files\BellSoft\LibericaJDK-8\bin\;C:\Program Files\Java\jdk-17\bin;C:\Program Files\nodejs\;C:\Program Files\MySQL\MySQL Server 8.0\bin;C:\Program Files\Java\jdk1.8.0_202\bin;C:\Program Files\Git\cmd;C:\Program Files\Java\jdk-17\bin;C:\ProgramData\Oracle\Java\javapath;C:\Windows\system32;C:\Windows;C:\Windows\System32\Wbem;C:\Windows\System32\WindowsPowerShell\v1.0\;C:\Windows\System32\OpenSSH\;C:\Program Files (x86)\NVIDIA Corporation\PhysX\Common;C:\Program Files\NVIDIA Corporation\NVIDIA NvDLISR;C:\Program Files (x86)\HP\Common\HPDestPlgIn\;C:\WINDOWS\system32;C:\WINDOWS;C:\WINDOWS\System32\Wbem;C:\WINDOWS\System32\WindowsPowerShell\v1.0\;C:\WINDOWS\System32\OpenSSH\;C:\Python34\Scripts;C:\Users\pythonord\AppData\Local\Microsoft\WindowsApps;C:\Python37\Scripts;C:\Users\pythonord\AppData\Local\Microsoft\WindowsApps;C:\Users\pythonord\AppData\Local\Programs\Microsoft VS Code\bin;C:\Users\pythonord\AppData\Roaming\npm;C:\Program Files\JetBrains\IntelliJ IDEA 2023.2\bin;;C:\Users\pythonord\AppData\Local\GitHubDesktop\bin;
USERNAME=pythonord
OS=Windows_NT
PROCESSOR_IDENTIFIER=Intel64 Family 6 Model 165 Stepping 2, GenuineIntel



---------------  S Y S T E M  ---------------

OS: Windows 11 , 64 bit Build 22621 (10.0.22621.2506)

CPU:total 8 (initial active 8) (4 cores per cpu, 2 threads per core) family 6 model 165 stepping 2 microcode 0xea, cmov, cx8, fxsr, mmx, sse, sse2, sse3, ssse3, sse4.1, sse4.2, popcnt, avx, avx2, aes, clmul, erms, 3dnowpref, lzcnt, ht, tsc, tscinvbit, bmi1, bmi2, adx, fma

Memory: 4k page, system-wide physical 16215M (2709M free)
TotalPageFile size 31762M (AvailPageFile size 5M)
current process WorkingSet (physical memory assigned to process): 271M, peak: 271M
current process commit charge ("private bytes"): 488M, peak: 492M

vm_info: Java HotSpot(TM) 64-Bit Server VM (11.0.20+9-LTS-256) for windows-amd64 JRE (11.0.20+9-LTS-256), built on Jun 14 2023 10:34:22 by "mach5one" with MS VC++ 17.1 (VS2022)

END.
