#
# There is insufficient memory for the Java Runtime Environment to continue.
# Native memory allocation (malloc) failed to allocate 1623536 bytes for Chunk::new
# Possible reasons:
#   The system is out of physical RAM or swap space
#   The process is running with CompressedOops enabled, and the Java Heap may be blocking the growth of the native heap
# Possible solutions:
#   Reduce memory load on the system
#   Increase physical memory or swap space
#   Check if swap backing store is full
#   Decrease Java heap size (-Xmx/-Xms)
#   Decrease number of Java threads
#   Decrease Java thread stack sizes (-Xss)
#   Set larger code cache with -XX:ReservedCodeCacheSize=
#   JVM is running with Zero Based Compressed Oops mode in which the Java heap is
#     placed in the first 32GB address space. The Java Heap base address is the
#     maximum limit for the native heap growth. Please use -XX:HeapBaseMinAddress
#     to set the Java Heap base and to place the Java Heap above 32GB virtual address.
# This output file may be truncated or incomplete.
#
#  Out of Memory Error (./open/src/hotspot/share/memory/arena.cpp:197), pid=19516, tid=21320
#
# JRE version: Java(TM) SE Runtime Environment 18.9 (11.0.20+9) (build 11.0.20+9-LTS-256)
# Java VM: Java HotSpot(TM) 64-Bit Server VM 18.9 (11.0.20+9-LTS-256, mixed mode, tiered, compressed oops, g1 gc, windows-amd64)
# No core dump will be written. Minidumps are not enabled by default on client versions of Windows
#

---------------  S U M M A R Y ------------

Command Line: --module-path=C:\Users\pythonord\.m2\repository\org\openjfx\javafx-base\19\javafx-base-19-win.jar;C:\Users\pythonord\.m2\repository\org\openjfx\javafx-base\19\javafx-base-19.jar;C:\Users\pythonord\.m2\repository\org\openjfx\javafx-controls\19\javafx-controls-19-win.jar;C:\Users\pythonord\.m2\repository\org\openjfx\javafx-controls\19\javafx-controls-19.jar;C:\Users\pythonord\.m2\repository\org\openjfx\javafx-fxml\19\javafx-fxml-19-win.jar;C:\Users\pythonord\.m2\repository\org\openjfx\javafx-fxml\19\javafx-fxml-19.jar;C:\Users\pythonord\.m2\repository\org\openjfx\javafx-graphics\19\javafx-graphics-19-win.jar;C:\Users\pythonord\.m2\repository\org\openjfx\javafx-graphics\19\javafx-graphics-19.jar --add-modules=javafx.base,javafx.controls,javafx.fxml,javafx.graphics Appinitializer

Host: Intel(R) Core(TM) i5-10300H CPU @ 2.50GHz, 8 cores, 15G,  Windows 11 , 64 bit Build 22621 (10.0.22621.2506)
Time: Tue Dec 19 22:02:17 2023 Sri Lanka Standard Time elapsed time: 1.664931 seconds (0d 0h 0m 1s)

---------------  T H R E A D  ---------------

Current thread (0x000002e03bf47000):  JavaThread "C2 CompilerThread1" daemon [_thread_in_native, id=21320, stack(0x000000f8b5000000,0x000000f8b5100000)]


Current CompileTask:
C2:   1664 1856   !   4       java.util.zip.InflaterInputStream::read (138 bytes)

Stack: [0x000000f8b5000000,0x000000f8b5100000]
Native frames: (J=compiled Java code, j=interpreted, Vv=VM code, C=native code)
V  [jvm.dll+0x6602ba]
V  [jvm.dll+0x7a32af]
V  [jvm.dll+0x7a4979]
V  [jvm.dll+0x7a5013]
V  [jvm.dll+0x258ef5]
V  [jvm.dll+0xb2a0c]
V  [jvm.dll+0xb2fcc]
V  [jvm.dll+0x367691]
V  [jvm.dll+0x1a2992]
V  [jvm.dll+0x211d4d]
V  [jvm.dll+0x210bc8]
V  [jvm.dll+0x18cdb1]
V  [jvm.dll+0x220e59]
V  [jvm.dll+0x21f17c]
V  [jvm.dll+0x767061]
V  [jvm.dll+0x75f8e4]
V  [jvm.dll+0x65f165]
C  [ucrtbase.dll+0x29363]
C  [KERNEL32.DLL+0x1257d]
C  [ntdll.dll+0x5aa58]


---------------  P R O C E S S  ---------------

Threads class SMR info:
_java_thread_list=0x000002e03caba6f0, length=19, elements={
0x000002e0165ba000, 0x000002e03bc41000, 0x000002e03bc4c000, 0x000002e03bcac800,
0x000002e03bcad800, 0x000002e03bcae800, 0x000002e03bcb2000, 0x000002e03bc5f800,
0x000002e03bce0000, 0x000002e03be49000, 0x000002e03bf47000, 0x000002e03ca1f800,
0x000002e03c70e000, 0x000002e03c70f000, 0x000002e03c4b5000, 0x000002e03ccd3800,
0x000002e0430d0000, 0x000002e042ba7000, 0x000002e042ba8000
}

Java Threads: ( => current thread )
  0x000002e0165ba000 JavaThread "main" [_thread_blocked, id=5872, stack(0x000000f8b4000000,0x000000f8b4100000)]
  0x000002e03bc41000 JavaThread "Reference Handler" daemon [_thread_blocked, id=2504, stack(0x000000f8b4700000,0x000000f8b4800000)]
  0x000002e03bc4c000 JavaThread "Finalizer" daemon [_thread_blocked, id=6376, stack(0x000000f8b4800000,0x000000f8b4900000)]
  0x000002e03bcac800 JavaThread "Signal Dispatcher" daemon [_thread_blocked, id=19408, stack(0x000000f8b4900000,0x000000f8b4a00000)]
  0x000002e03bcad800 JavaThread "Attach Listener" daemon [_thread_blocked, id=21912, stack(0x000000f8b4a00000,0x000000f8b4b00000)]
  0x000002e03bcae800 JavaThread "Service Thread" daemon [_thread_blocked, id=112, stack(0x000000f8b4b00000,0x000000f8b4c00000)]
  0x000002e03bcb2000 JavaThread "C2 CompilerThread0" daemon [_thread_blocked, id=22480, stack(0x000000f8b4c00000,0x000000f8b4d00000)]
  0x000002e03bc5f800 JavaThread "C1 CompilerThread0" daemon [_thread_blocked, id=12980, stack(0x000000f8b4d00000,0x000000f8b4e00000)]
  0x000002e03bce0000 JavaThread "Sweeper thread" daemon [_thread_blocked, id=19204, stack(0x000000f8b4e00000,0x000000f8b4f00000)]
  0x000002e03be49000 JavaThread "Common-Cleaner" daemon [_thread_blocked, id=17360, stack(0x000000f8b4f00000,0x000000f8b5000000)]
=>0x000002e03bf47000 JavaThread "C2 CompilerThread1" daemon [_thread_in_native, id=21320, stack(0x000000f8b5000000,0x000000f8b5100000)]
  0x000002e03ca1f800 JavaThread "QuantumRenderer-0" daemon [_thread_in_native, id=2420, stack(0x000000f8b5300000,0x000000f8b5400000)]
  0x000002e03c70e000 JavaThread "InvokeLaterDispatcher" daemon [_thread_blocked, id=9728, stack(0x000000f8b5500000,0x000000f8b5600000)]
  0x000002e03c70f000 JavaThread "JavaFX Application Thread" [_thread_in_native, id=22540, stack(0x000000f8b5600000,0x000000f8b5700000)]
  0x000002e03c4b5000 JavaThread "JavaFX-Launcher" [_thread_blocked, id=6904, stack(0x000000f8b5b00000,0x000000f8b5c00000)]
  0x000002e03ccd3800 JavaThread "Thread-2" daemon [_thread_in_native, id=8996, stack(0x000000f8b5a00000,0x000000f8b5b00000)]
  0x000002e0430d0000 JavaThread "Thread-3" [_thread_blocked, id=22768, stack(0x000000f8b6100000,0x000000f8b6200000)]
  0x000002e042ba7000 JavaThread "Prism Font Disposer" daemon [_thread_blocked, id=18088, stack(0x000000f8b6500000,0x000000f8b6600000)]
  0x000002e042ba8000 JavaThread "Cleaner-0" daemon [_thread_blocked, id=22832, stack(0x000000f8b6900000,0x000000f8b6a00000)]

Other Threads:
  0x000002e03bc1c000 VMThread "VM Thread" [stack: 0x000000f8b4600000,0x000000f8b4700000] [id=1188]
  0x000002e03c46e800 WatcherThread [stack: 0x000000f8b5200000,0x000000f8b5300000] [id=4372]
  0x000002e018794000 GCTaskThread "GC Thread#0" [stack: 0x000000f8b4100000,0x000000f8b4200000] [id=3676]
  0x000002e03ccba000 GCTaskThread "GC Thread#1" [stack: 0x000000f8b5c00000,0x000000f8b5d00000] [id=22676]
  0x000002e03cdc0000 GCTaskThread "GC Thread#2" [stack: 0x000000f8b5d00000,0x000000f8b5e00000] [id=7028]
  0x000002e03cdc0800 GCTaskThread "GC Thread#3" [stack: 0x000000f8b5e00000,0x000000f8b5f00000] [id=23420]
  0x000002e03cdc1000 GCTaskThread "GC Thread#4" [stack: 0x000000f8b5f00000,0x000000f8b6000000] [id=5976]
  0x000002e03cdc2000 GCTaskThread "GC Thread#5" [stack: 0x000000f8b6000000,0x000000f8b6100000] [id=22684]
  0x000002e042c92000 GCTaskThread "GC Thread#6" [stack: 0x000000f8b6600000,0x000000f8b6700000] [id=1220]
  0x000002e042ba9800 GCTaskThread "GC Thread#7" [stack: 0x000000f8b6700000,0x000000f8b6800000] [id=22552]
  0x000002e0187f5000 ConcurrentGCThread "G1 Main Marker" [stack: 0x000000f8b4200000,0x000000f8b4300000] [id=22236]
  0x000002e0187f7800 ConcurrentGCThread "G1 Conc#0" [stack: 0x000000f8b4300000,0x000000f8b4400000] [id=13176]
  0x000002e03d224800 ConcurrentGCThread "G1 Conc#1" [stack: 0x000000f8b6800000,0x000000f8b6900000] [id=12256]
  0x000002e03b27a800 ConcurrentGCThread "G1 Refine#0" [stack: 0x000000f8b4400000,0x000000f8b4500000] [id=13096]
  0x000002e03b27b800 ConcurrentGCThread "G1 Young RemSet Sampling" [stack: 0x000000f8b4500000,0x000000f8b4600000] [id=21700]

Threads with active compile tasks:
C2 CompilerThread1     1701 1856   !   4       java.util.zip.InflaterInputStream::read (138 bytes)

VM state:not at safepoint (normal execution)

VM Mutex/Monitor currently owned by a thread: None

Heap address: 0x0000000702a00000, size: 4054 MB, Compressed Oops mode: Zero based, Oop shift amount: 3
Narrow klass base: 0x0000000800000000, Narrow klass shift: 0
Compressed class space size: 1073741824 Address: 0x0000000800000000

Heap:
 garbage-first heap   total 260096K, used 26551K [0x0000000702a00000, 0x0000000800000000)
  region size 1024K, 10 young (10240K), 7 survivors (7168K)
 Metaspace       used 21000K, capacity 21628K, committed 21884K, reserved 1069056K
  class space    used 2575K, capacity 2853K, committed 2944K, reserved 1048576K
Heap Regions: E=young(eden), S=young(survivor), O=old, HS=humongous(starts), HC=humongous(continues), CS=collection set, F=free, A=archive, TAMS=top-at-mark-start (previous, next)
|   0|0x0000000702a00000, 0x0000000702b00000, 0x0000000702b00000|100%|HS|  |TAMS 0x0000000702b00000, 0x0000000702a00000| Complete 
|   1|0x0000000702b00000, 0x0000000702c00000, 0x0000000702c00000|100%|HC|  |TAMS 0x0000000702c00000, 0x0000000702b00000| Complete 
|   2|0x0000000702c00000, 0x0000000702d00000, 0x0000000702d00000|100%|HC|  |TAMS 0x0000000702d00000, 0x0000000702c00000| Complete 
|   3|0x0000000702d00000, 0x0000000702e00000, 0x0000000702e00000|100%|HC|  |TAMS 0x0000000702e00000, 0x0000000702d00000| Complete 
|   4|0x0000000702e00000, 0x0000000702f00000, 0x0000000702f00000|100%|HC|  |TAMS 0x0000000702f00000, 0x0000000702e00000| Complete 
|   5|0x0000000702f00000, 0x0000000703000000, 0x0000000703000000|100%|HS|  |TAMS 0x0000000703000000, 0x0000000702f00000| Complete 
|   6|0x0000000703000000, 0x0000000703100000, 0x0000000703100000|100%|HC|  |TAMS 0x0000000703100000, 0x0000000703000000| Complete 
|   7|0x0000000703100000, 0x0000000703200000, 0x0000000703200000|100%|HC|  |TAMS 0x0000000703200000, 0x0000000703100000| Complete 
|   8|0x0000000703200000, 0x0000000703300000, 0x0000000703300000|100%|HC|  |TAMS 0x0000000703300000, 0x0000000703200000| Complete 
|   9|0x0000000703300000, 0x0000000703400000, 0x0000000703400000|100%|HC|  |TAMS 0x0000000703400000, 0x0000000703300000| Complete 
|  10|0x0000000703400000, 0x0000000703500000, 0x0000000703500000|100%|HS|  |TAMS 0x0000000703500000, 0x0000000703400000| Complete 
|  11|0x0000000703500000, 0x0000000703600000, 0x0000000703600000|100%|HC|  |TAMS 0x0000000703600000, 0x0000000703500000| Complete 
|  12|0x0000000703600000, 0x0000000703700000, 0x0000000703700000|100%|HC|  |TAMS 0x0000000703700000, 0x0000000703600000| Complete 
|  13|0x0000000703700000, 0x0000000703800000, 0x0000000703800000|100%|HC|  |TAMS 0x0000000703800000, 0x0000000703700000| Complete 
|  14|0x0000000703800000, 0x0000000703900000, 0x0000000703900000|100%|HC|  |TAMS 0x0000000703900000, 0x0000000703800000| Complete 
|  15|0x0000000703900000, 0x0000000703a00000, 0x0000000703a00000|100%|HS|  |TAMS 0x0000000703900000, 0x0000000703900000| Complete 
|  16|0x0000000703a00000, 0x0000000703b00000, 0x0000000703b00000|100%|HC|  |TAMS 0x0000000703a00000, 0x0000000703a00000| Complete 
|  17|0x0000000703b00000, 0x0000000703b00000, 0x0000000703c00000|  0%| F|  |TAMS 0x0000000703b00000, 0x0000000703b00000| Untracked 
|  18|0x0000000703c00000, 0x0000000703c00000, 0x0000000703d00000|  0%| F|  |TAMS 0x0000000703c00000, 0x0000000703c00000| Untracked 
|  19|0x0000000703d00000, 0x0000000703d00000, 0x0000000703e00000|  0%| F|  |TAMS 0x0000000703d00000, 0x0000000703d00000| Untracked 
|  20|0x0000000703e00000, 0x0000000703e00000, 0x0000000703f00000|  0%| F|  |TAMS 0x0000000703e00000, 0x0000000703e00000| Untracked 
|  21|0x0000000703f00000, 0x0000000703f00000, 0x0000000704000000|  0%| F|  |TAMS 0x0000000703f00000, 0x0000000703f00000| Untracked 
|  22|0x0000000704000000, 0x0000000704000000, 0x0000000704100000|  0%| F|  |TAMS 0x0000000704000000, 0x0000000704000000| Untracked 
|  23|0x0000000704100000, 0x0000000704100000, 0x0000000704200000|  0%| F|  |TAMS 0x0000000704100000, 0x0000000704100000| Untracked 
|  24|0x0000000704200000, 0x0000000704200000, 0x0000000704300000|  0%| F|  |TAMS 0x0000000704200000, 0x0000000704200000| Untracked 
|  25|0x0000000704300000, 0x0000000704300000, 0x0000000704400000|  0%| F|  |TAMS 0x0000000704300000, 0x0000000704300000| Untracked 
|  26|0x0000000704400000, 0x0000000704400000, 0x0000000704500000|  0%| F|  |TAMS 0x0000000704400000, 0x0000000704400000| Untracked 
|  27|0x0000000704500000, 0x0000000704500000, 0x0000000704600000|  0%| F|  |TAMS 0x0000000704500000, 0x0000000704500000| Untracked 
|  28|0x0000000704600000, 0x0000000704600000, 0x0000000704700000|  0%| F|  |TAMS 0x0000000704600000, 0x0000000704600000| Untracked 
|  29|0x0000000704700000, 0x0000000704700000, 0x0000000704800000|  0%| F|  |TAMS 0x0000000704700000, 0x0000000704700000| Untracked 
|  30|0x0000000704800000, 0x0000000704800000, 0x0000000704900000|  0%| F|  |TAMS 0x0000000704800000, 0x0000000704800000| Untracked 
|  31|0x0000000704900000, 0x0000000704900000, 0x0000000704a00000|  0%| F|  |TAMS 0x0000000704900000, 0x0000000704900000| Untracked 
|  32|0x0000000704a00000, 0x0000000704a00000, 0x0000000704b00000|  0%| F|  |TAMS 0x0000000704a00000, 0x0000000704a00000| Untracked 
|  33|0x0000000704b00000, 0x0000000704b00000, 0x0000000704c00000|  0%| F|  |TAMS 0x0000000704b00000, 0x0000000704b00000| Untracked 
|  34|0x0000000704c00000, 0x0000000704c00000, 0x0000000704d00000|  0%| F|  |TAMS 0x0000000704c00000, 0x0000000704c00000| Untracked 
|  35|0x0000000704d00000, 0x0000000704d00000, 0x0000000704e00000|  0%| F|  |TAMS 0x0000000704d00000, 0x0000000704d00000| Untracked 
|  36|0x0000000704e00000, 0x0000000704e00000, 0x0000000704f00000|  0%| F|  |TAMS 0x0000000704e00000, 0x0000000704e00000| Untracked 
|  37|0x0000000704f00000, 0x0000000704f00000, 0x0000000705000000|  0%| F|  |TAMS 0x0000000704f00000, 0x0000000704f00000| Untracked 
|  38|0x0000000705000000, 0x0000000705000000, 0x0000000705100000|  0%| F|  |TAMS 0x0000000705000000, 0x0000000705000000| Untracked 
|  39|0x0000000705100000, 0x0000000705100000, 0x0000000705200000|  0%| F|  |TAMS 0x0000000705100000, 0x0000000705100000| Untracked 
|  40|0x0000000705200000, 0x0000000705200000, 0x0000000705300000|  0%| F|  |TAMS 0x0000000705200000, 0x0000000705200000| Untracked 
|  41|0x0000000705300000, 0x0000000705300000, 0x0000000705400000|  0%| F|  |TAMS 0x0000000705300000, 0x0000000705300000| Untracked 
|  42|0x0000000705400000, 0x0000000705400000, 0x0000000705500000|  0%| F|  |TAMS 0x0000000705400000, 0x0000000705400000| Untracked 
|  43|0x0000000705500000, 0x0000000705500000, 0x0000000705600000|  0%| F|  |TAMS 0x0000000705500000, 0x0000000705500000| Untracked 
|  44|0x0000000705600000, 0x0000000705600000, 0x0000000705700000|  0%| F|  |TAMS 0x0000000705600000, 0x0000000705600000| Untracked 
|  45|0x0000000705700000, 0x0000000705700000, 0x0000000705800000|  0%| F|  |TAMS 0x0000000705700000, 0x0000000705700000| Untracked 
|  46|0x0000000705800000, 0x0000000705800000, 0x0000000705900000|  0%| F|  |TAMS 0x0000000705800000, 0x0000000705800000| Untracked 
|  47|0x0000000705900000, 0x0000000705900000, 0x0000000705a00000|  0%| F|  |TAMS 0x0000000705900000, 0x0000000705900000| Untracked 
|  48|0x0000000705a00000, 0x0000000705a00000, 0x0000000705b00000|  0%| F|  |TAMS 0x0000000705a00000, 0x0000000705a00000| Untracked 
|  49|0x0000000705b00000, 0x0000000705b00000, 0x0000000705c00000|  0%| F|  |TAMS 0x0000000705b00000, 0x0000000705b00000| Untracked 
|  50|0x0000000705c00000, 0x0000000705c00000, 0x0000000705d00000|  0%| F|  |TAMS 0x0000000705c00000, 0x0000000705c00000| Untracked 
|  51|0x0000000705d00000, 0x0000000705d00000, 0x0000000705e00000|  0%| F|  |TAMS 0x0000000705d00000, 0x0000000705d00000| Untracked 
|  52|0x0000000705e00000, 0x0000000705e00000, 0x0000000705f00000|  0%| F|  |TAMS 0x0000000705e00000, 0x0000000705e00000| Untracked 
|  53|0x0000000705f00000, 0x0000000705f00000, 0x0000000706000000|  0%| F|  |TAMS 0x0000000705f00000, 0x0000000705f00000| Untracked 
|  54|0x0000000706000000, 0x0000000706000000, 0x0000000706100000|  0%| F|  |TAMS 0x0000000706000000, 0x0000000706000000| Untracked 
|  55|0x0000000706100000, 0x0000000706100000, 0x0000000706200000|  0%| F|  |TAMS 0x0000000706100000, 0x0000000706100000| Untracked 
|  56|0x0000000706200000, 0x0000000706200000, 0x0000000706300000|  0%| F|  |TAMS 0x0000000706200000, 0x0000000706200000| Untracked 
|  57|0x0000000706300000, 0x0000000706300000, 0x0000000706400000|  0%| F|  |TAMS 0x0000000706300000, 0x0000000706300000| Untracked 
|  58|0x0000000706400000, 0x0000000706400000, 0x0000000706500000|  0%| F|  |TAMS 0x0000000706400000, 0x0000000706400000| Untracked 
|  59|0x0000000706500000, 0x0000000706500000, 0x0000000706600000|  0%| F|  |TAMS 0x0000000706500000, 0x0000000706500000| Untracked 
|  60|0x0000000706600000, 0x0000000706600000, 0x0000000706700000|  0%| F|  |TAMS 0x0000000706600000, 0x0000000706600000| Untracked 
|  61|0x0000000706700000, 0x0000000706700000, 0x0000000706800000|  0%| F|  |TAMS 0x0000000706700000, 0x0000000706700000| Untracked 
|  62|0x0000000706800000, 0x0000000706800000, 0x0000000706900000|  0%| F|  |TAMS 0x0000000706800000, 0x0000000706800000| Untracked 
|  63|0x0000000706900000, 0x0000000706900000, 0x0000000706a00000|  0%| F|  |TAMS 0x0000000706900000, 0x0000000706900000| Untracked 
|  64|0x0000000706a00000, 0x0000000706a00000, 0x0000000706b00000|  0%| F|  |TAMS 0x0000000706a00000, 0x0000000706a00000| Untracked 
|  65|0x0000000706b00000, 0x0000000706b00000, 0x0000000706c00000|  0%| F|  |TAMS 0x0000000706b00000, 0x0000000706b00000| Untracked 
|  66|0x0000000706c00000, 0x0000000706c00000, 0x0000000706d00000|  0%| F|  |TAMS 0x0000000706c00000, 0x0000000706c00000| Untracked 
|  67|0x0000000706d00000, 0x0000000706d00000, 0x0000000706e00000|  0%| F|  |TAMS 0x0000000706d00000, 0x0000000706d00000| Untracked 
|  68|0x0000000706e00000, 0x0000000706e00000, 0x0000000706f00000|  0%| F|  |TAMS 0x0000000706e00000, 0x0000000706e00000| Untracked 
|  69|0x0000000706f00000, 0x0000000706f00000, 0x0000000707000000|  0%| F|  |TAMS 0x0000000706f00000, 0x0000000706f00000| Untracked 
|  70|0x0000000707000000, 0x0000000707000000, 0x0000000707100000|  0%| F|  |TAMS 0x0000000707000000, 0x0000000707000000| Untracked 
|  71|0x0000000707100000, 0x0000000707100000, 0x0000000707200000|  0%| F|  |TAMS 0x0000000707100000, 0x0000000707100000| Untracked 
|  72|0x0000000707200000, 0x0000000707200000, 0x0000000707300000|  0%| F|  |TAMS 0x0000000707200000, 0x0000000707200000| Untracked 
|  73|0x0000000707300000, 0x0000000707300000, 0x0000000707400000|  0%| F|  |TAMS 0x0000000707300000, 0x0000000707300000| Untracked 
|  74|0x0000000707400000, 0x0000000707400000, 0x0000000707500000|  0%| F|  |TAMS 0x0000000707400000, 0x0000000707400000| Untracked 
|  75|0x0000000707500000, 0x0000000707500000, 0x0000000707600000|  0%| F|  |TAMS 0x0000000707500000, 0x0000000707500000| Untracked 
|  76|0x0000000707600000, 0x0000000707600000, 0x0000000707700000|  0%| F|  |TAMS 0x0000000707600000, 0x0000000707600000| Untracked 
|  77|0x0000000707700000, 0x0000000707700000, 0x0000000707800000|  0%| F|  |TAMS 0x0000000707700000, 0x0000000707700000| Untracked 
|  78|0x0000000707800000, 0x0000000707800000, 0x0000000707900000|  0%| F|  |TAMS 0x0000000707800000, 0x0000000707800000| Untracked 
|  79|0x0000000707900000, 0x0000000707900000, 0x0000000707a00000|  0%| F|  |TAMS 0x0000000707900000, 0x0000000707900000| Untracked 
|  80|0x0000000707a00000, 0x0000000707a00000, 0x0000000707b00000|  0%| F|  |TAMS 0x0000000707a00000, 0x0000000707a00000| Untracked 
|  81|0x0000000707b00000, 0x0000000707b00000, 0x0000000707c00000|  0%| F|  |TAMS 0x0000000707b00000, 0x0000000707b00000| Untracked 
|  82|0x0000000707c00000, 0x0000000707c00000, 0x0000000707d00000|  0%| F|  |TAMS 0x0000000707c00000, 0x0000000707c00000| Untracked 
|  83|0x0000000707d00000, 0x0000000707d00000, 0x0000000707e00000|  0%| F|  |TAMS 0x0000000707d00000, 0x0000000707d00000| Untracked 
|  84|0x0000000707e00000, 0x0000000707e00000, 0x0000000707f00000|  0%| F|  |TAMS 0x0000000707e00000, 0x0000000707e00000| Untracked 
|  85|0x0000000707f00000, 0x0000000707f00000, 0x0000000708000000|  0%| F|  |TAMS 0x0000000707f00000, 0x0000000707f00000| Untracked 
|  86|0x0000000708000000, 0x0000000708000000, 0x0000000708100000|  0%| F|  |TAMS 0x0000000708000000, 0x0000000708000000| Untracked 
|  87|0x0000000708100000, 0x0000000708100000, 0x0000000708200000|  0%| F|  |TAMS 0x0000000708100000, 0x0000000708100000| Untracked 
|  88|0x0000000708200000, 0x0000000708200000, 0x0000000708300000|  0%| F|  |TAMS 0x0000000708200000, 0x0000000708200000| Untracked 
|  89|0x0000000708300000, 0x0000000708300000, 0x0000000708400000|  0%| F|  |TAMS 0x0000000708300000, 0x0000000708300000| Untracked 
|  90|0x0000000708400000, 0x0000000708400000, 0x0000000708500000|  0%| F|  |TAMS 0x0000000708400000, 0x0000000708400000| Untracked 
|  91|0x0000000708500000, 0x0000000708500000, 0x0000000708600000|  0%| F|  |TAMS 0x0000000708500000, 0x0000000708500000| Untracked 
|  92|0x0000000708600000, 0x0000000708600000, 0x0000000708700000|  0%| F|  |TAMS 0x0000000708600000, 0x0000000708600000| Untracked 
|  93|0x0000000708700000, 0x0000000708700000, 0x0000000708800000|  0%| F|  |TAMS 0x0000000708700000, 0x0000000708700000| Untracked 
|  94|0x0000000708800000, 0x0000000708800000, 0x0000000708900000|  0%| F|  |TAMS 0x0000000708800000, 0x0000000708800000| Untracked 
|  95|0x0000000708900000, 0x0000000708900000, 0x0000000708a00000|  0%| F|  |TAMS 0x0000000708900000, 0x0000000708900000| Untracked 
|  96|0x0000000708a00000, 0x0000000708a00000, 0x0000000708b00000|  0%| F|  |TAMS 0x0000000708a00000, 0x0000000708a00000| Untracked 
|  97|0x0000000708b00000, 0x0000000708b00000, 0x0000000708c00000|  0%| F|  |TAMS 0x0000000708b00000, 0x0000000708b00000| Untracked 
|  98|0x0000000708c00000, 0x0000000708c00000, 0x0000000708d00000|  0%| F|  |TAMS 0x0000000708c00000, 0x0000000708c00000| Untracked 
|  99|0x0000000708d00000, 0x0000000708d00000, 0x0000000708e00000|  0%| F|  |TAMS 0x0000000708d00000, 0x0000000708d00000| Untracked 
| 100|0x0000000708e00000, 0x0000000708e00000, 0x0000000708f00000|  0%| F|  |TAMS 0x0000000708e00000, 0x0000000708e00000| Untracked 
| 101|0x0000000708f00000, 0x0000000708f00000, 0x0000000709000000|  0%| F|  |TAMS 0x0000000708f00000, 0x0000000708f00000| Untracked 
| 102|0x0000000709000000, 0x0000000709000000, 0x0000000709100000|  0%| F|  |TAMS 0x0000000709000000, 0x0000000709000000| Untracked 
| 103|0x0000000709100000, 0x0000000709100000, 0x0000000709200000|  0%| F|  |TAMS 0x0000000709100000, 0x0000000709100000| Untracked 
| 104|0x0000000709200000, 0x0000000709200000, 0x0000000709300000|  0%| F|  |TAMS 0x0000000709200000, 0x0000000709200000| Untracked 
| 105|0x0000000709300000, 0x0000000709300000, 0x0000000709400000|  0%| F|  |TAMS 0x0000000709300000, 0x0000000709300000| Untracked 
| 106|0x0000000709400000, 0x0000000709400000, 0x0000000709500000|  0%| F|  |TAMS 0x0000000709400000, 0x0000000709400000| Untracked 
| 107|0x0000000709500000, 0x0000000709500000, 0x0000000709600000|  0%| F|  |TAMS 0x0000000709500000, 0x0000000709500000| Untracked 
| 108|0x0000000709600000, 0x0000000709600000, 0x0000000709700000|  0%| F|  |TAMS 0x0000000709600000, 0x0000000709600000| Untracked 
| 109|0x0000000709700000, 0x0000000709700000, 0x0000000709800000|  0%| F|  |TAMS 0x0000000709700000, 0x0000000709700000| Untracked 
| 110|0x0000000709800000, 0x0000000709800000, 0x0000000709900000|  0%| F|  |TAMS 0x0000000709800000, 0x0000000709800000| Untracked 
| 111|0x0000000709900000, 0x0000000709900000, 0x0000000709a00000|  0%| F|  |TAMS 0x0000000709900000, 0x0000000709900000| Untracked 
| 112|0x0000000709a00000, 0x0000000709a00000, 0x0000000709b00000|  0%| F|  |TAMS 0x0000000709a00000, 0x0000000709a00000| Untracked 
| 113|0x0000000709b00000, 0x0000000709b00000, 0x0000000709c00000|  0%| F|  |TAMS 0x0000000709b00000, 0x0000000709b00000| Untracked 
| 114|0x0000000709c00000, 0x0000000709c00000, 0x0000000709d00000|  0%| F|  |TAMS 0x0000000709c00000, 0x0000000709c00000| Untracked 
| 115|0x0000000709d00000, 0x0000000709d00000, 0x0000000709e00000|  0%| F|  |TAMS 0x0000000709d00000, 0x0000000709d00000| Untracked 
| 116|0x0000000709e00000, 0x0000000709e00000, 0x0000000709f00000|  0%| F|  |TAMS 0x0000000709e00000, 0x0000000709e00000| Untracked 
| 117|0x0000000709f00000, 0x0000000709f00000, 0x000000070a000000|  0%| F|  |TAMS 0x0000000709f00000, 0x0000000709f00000| Untracked 
| 118|0x000000070a000000, 0x000000070a000000, 0x000000070a100000|  0%| F|  |TAMS 0x000000070a000000, 0x000000070a000000| Untracked 
| 119|0x000000070a100000, 0x000000070a100000, 0x000000070a200000|  0%| F|  |TAMS 0x000000070a100000, 0x000000070a100000| Untracked 
| 120|0x000000070a200000, 0x000000070a200000, 0x000000070a300000|  0%| F|  |TAMS 0x000000070a200000, 0x000000070a200000| Untracked 
| 121|0x000000070a300000, 0x000000070a300000, 0x000000070a400000|  0%| F|  |TAMS 0x000000070a300000, 0x000000070a300000| Untracked 
| 122|0x000000070a400000, 0x000000070a400000, 0x000000070a500000|  0%| F|  |TAMS 0x000000070a400000, 0x000000070a400000| Untracked 
| 123|0x000000070a500000, 0x000000070a500000, 0x000000070a600000|  0%| F|  |TAMS 0x000000070a500000, 0x000000070a500000| Untracked 
| 124|0x000000070a600000, 0x000000070a600000, 0x000000070a700000|  0%| F|  |TAMS 0x000000070a600000, 0x000000070a600000| Untracked 
| 125|0x000000070a700000, 0x000000070a700000, 0x000000070a800000|  0%| F|  |TAMS 0x000000070a700000, 0x000000070a700000| Untracked 
| 126|0x000000070a800000, 0x000000070a800000, 0x000000070a900000|  0%| F|  |TAMS 0x000000070a800000, 0x000000070a800000| Untracked 
| 127|0x000000070a900000, 0x000000070a900000, 0x000000070aa00000|  0%| F|  |TAMS 0x000000070a900000, 0x000000070a900000| Untracked 
| 128|0x000000070aa00000, 0x000000070aa00000, 0x000000070ab00000|  0%| F|  |TAMS 0x000000070aa00000, 0x000000070aa00000| Untracked 
| 129|0x000000070ab00000, 0x000000070ab00000, 0x000000070ac00000|  0%| F|  |TAMS 0x000000070ab00000, 0x000000070ab00000| Untracked 
| 130|0x000000070ac00000, 0x000000070ac00000, 0x000000070ad00000|  0%| F|  |TAMS 0x000000070ac00000, 0x000000070ac00000| Untracked 
| 131|0x000000070ad00000, 0x000000070ad00000, 0x000000070ae00000|  0%| F|  |TAMS 0x000000070ad00000, 0x000000070ad00000| Untracked 
| 132|0x000000070ae00000, 0x000000070ae00000, 0x000000070af00000|  0%| F|  |TAMS 0x000000070ae00000, 0x000000070ae00000| Untracked 
| 133|0x000000070af00000, 0x000000070af00000, 0x000000070b000000|  0%| F|  |TAMS 0x000000070af00000, 0x000000070af00000| Untracked 
| 134|0x000000070b000000, 0x000000070b000000, 0x000000070b100000|  0%| F|  |TAMS 0x000000070b000000, 0x000000070b000000| Untracked 
| 135|0x000000070b100000, 0x000000070b100000, 0x000000070b200000|  0%| F|  |TAMS 0x000000070b100000, 0x000000070b100000| Untracked 
| 136|0x000000070b200000, 0x000000070b200000, 0x000000070b300000|  0%| F|  |TAMS 0x000000070b200000, 0x000000070b200000| Untracked 
| 137|0x000000070b300000, 0x000000070b300000, 0x000000070b400000|  0%| F|  |TAMS 0x000000070b300000, 0x000000070b300000| Untracked 
| 138|0x000000070b400000, 0x000000070b400000, 0x000000070b500000|  0%| F|  |TAMS 0x000000070b400000, 0x000000070b400000| Untracked 
| 139|0x000000070b500000, 0x000000070b500000, 0x000000070b600000|  0%| F|  |TAMS 0x000000070b500000, 0x000000070b500000| Untracked 
| 140|0x000000070b600000, 0x000000070b600000, 0x000000070b700000|  0%| F|  |TAMS 0x000000070b600000, 0x000000070b600000| Untracked 
| 141|0x000000070b700000, 0x000000070b700000, 0x000000070b800000|  0%| F|  |TAMS 0x000000070b700000, 0x000000070b700000| Untracked 
| 142|0x000000070b800000, 0x000000070b800000, 0x000000070b900000|  0%| F|  |TAMS 0x000000070b800000, 0x000000070b800000| Untracked 
| 143|0x000000070b900000, 0x000000070b900000, 0x000000070ba00000|  0%| F|  |TAMS 0x000000070b900000, 0x000000070b900000| Untracked 
| 144|0x000000070ba00000, 0x000000070ba00000, 0x000000070bb00000|  0%| F|  |TAMS 0x000000070ba00000, 0x000000070ba00000| Untracked 
| 145|0x000000070bb00000, 0x000000070bb00000, 0x000000070bc00000|  0%| F|  |TAMS 0x000000070bb00000, 0x000000070bb00000| Untracked 
| 146|0x000000070bc00000, 0x000000070bc00000, 0x000000070bd00000|  0%| F|  |TAMS 0x000000070bc00000, 0x000000070bc00000| Untracked 
| 147|0x000000070bd00000, 0x000000070bd00000, 0x000000070be00000|  0%| F|  |TAMS 0x000000070bd00000, 0x000000070bd00000| Untracked 
| 148|0x000000070be00000, 0x000000070be00000, 0x000000070bf00000|  0%| F|  |TAMS 0x000000070be00000, 0x000000070be00000| Untracked 
| 149|0x000000070bf00000, 0x000000070bf00000, 0x000000070c000000|  0%| F|  |TAMS 0x000000070bf00000, 0x000000070bf00000| Untracked 
| 150|0x000000070c000000, 0x000000070c000000, 0x000000070c100000|  0%| F|  |TAMS 0x000000070c000000, 0x000000070c000000| Untracked 
| 151|0x000000070c100000, 0x000000070c100000, 0x000000070c200000|  0%| F|  |TAMS 0x000000070c100000, 0x000000070c100000| Untracked 
| 152|0x000000070c200000, 0x000000070c200000, 0x000000070c300000|  0%| F|  |TAMS 0x000000070c200000, 0x000000070c200000| Untracked 
| 153|0x000000070c300000, 0x000000070c300000, 0x000000070c400000|  0%| F|  |TAMS 0x000000070c300000, 0x000000070c300000| Untracked 
| 154|0x000000070c400000, 0x000000070c400000, 0x000000070c500000|  0%| F|  |TAMS 0x000000070c400000, 0x000000070c400000| Untracked 
| 155|0x000000070c500000, 0x000000070c500000, 0x000000070c600000|  0%| F|  |TAMS 0x000000070c500000, 0x000000070c500000| Untracked 
| 156|0x000000070c600000, 0x000000070c600000, 0x000000070c700000|  0%| F|  |TAMS 0x000000070c600000, 0x000000070c600000| Untracked 
| 157|0x000000070c700000, 0x000000070c700000, 0x000000070c800000|  0%| F|  |TAMS 0x000000070c700000, 0x000000070c700000| Untracked 
| 158|0x000000070c800000, 0x000000070c800000, 0x000000070c900000|  0%| F|  |TAMS 0x000000070c800000, 0x000000070c800000| Untracked 
| 159|0x000000070c900000, 0x000000070c900000, 0x000000070ca00000|  0%| F|  |TAMS 0x000000070c900000, 0x000000070c900000| Untracked 
| 160|0x000000070ca00000, 0x000000070ca00000, 0x000000070cb00000|  0%| F|  |TAMS 0x000000070ca00000, 0x000000070ca00000| Untracked 
| 161|0x000000070cb00000, 0x000000070cb00000, 0x000000070cc00000|  0%| F|  |TAMS 0x000000070cb00000, 0x000000070cb00000| Untracked 
| 162|0x000000070cc00000, 0x000000070cc00000, 0x000000070cd00000|  0%| F|  |TAMS 0x000000070cc00000, 0x000000070cc00000| Untracked 
| 163|0x000000070cd00000, 0x000000070cd00000, 0x000000070ce00000|  0%| F|  |TAMS 0x000000070cd00000, 0x000000070cd00000| Untracked 
| 164|0x000000070ce00000, 0x000000070ce00000, 0x000000070cf00000|  0%| F|  |TAMS 0x000000070ce00000, 0x000000070ce00000| Untracked 
| 165|0x000000070cf00000, 0x000000070cf00000, 0x000000070d000000|  0%| F|  |TAMS 0x000000070cf00000, 0x000000070cf00000| Untracked 
| 166|0x000000070d000000, 0x000000070d000000, 0x000000070d100000|  0%| F|  |TAMS 0x000000070d000000, 0x000000070d000000| Untracked 
| 167|0x000000070d100000, 0x000000070d100000, 0x000000070d200000|  0%| F|  |TAMS 0x000000070d100000, 0x000000070d100000| Untracked 
| 168|0x000000070d200000, 0x000000070d200000, 0x000000070d300000|  0%| F|  |TAMS 0x000000070d200000, 0x000000070d200000| Untracked 
| 169|0x000000070d300000, 0x000000070d300000, 0x000000070d400000|  0%| F|  |TAMS 0x000000070d300000, 0x000000070d300000| Untracked 
| 170|0x000000070d400000, 0x000000070d400000, 0x000000070d500000|  0%| F|  |TAMS 0x000000070d400000, 0x000000070d400000| Untracked 
| 171|0x000000070d500000, 0x000000070d500000, 0x000000070d600000|  0%| F|  |TAMS 0x000000070d500000, 0x000000070d500000| Untracked 
| 172|0x000000070d600000, 0x000000070d600000, 0x000000070d700000|  0%| F|  |TAMS 0x000000070d600000, 0x000000070d600000| Untracked 
| 173|0x000000070d700000, 0x000000070d700000, 0x000000070d800000|  0%| F|  |TAMS 0x000000070d700000, 0x000000070d700000| Untracked 
| 174|0x000000070d800000, 0x000000070d800000, 0x000000070d900000|  0%| F|  |TAMS 0x000000070d800000, 0x000000070d800000| Untracked 
| 175|0x000000070d900000, 0x000000070d900000, 0x000000070da00000|  0%| F|  |TAMS 0x000000070d900000, 0x000000070d900000| Untracked 
| 176|0x000000070da00000, 0x000000070da00000, 0x000000070db00000|  0%| F|  |TAMS 0x000000070da00000, 0x000000070da00000| Untracked 
| 177|0x000000070db00000, 0x000000070db00000, 0x000000070dc00000|  0%| F|  |TAMS 0x000000070db00000, 0x000000070db00000| Untracked 
| 178|0x000000070dc00000, 0x000000070dc00000, 0x000000070dd00000|  0%| F|  |TAMS 0x000000070dc00000, 0x000000070dc00000| Untracked 
| 179|0x000000070dd00000, 0x000000070dd00000, 0x000000070de00000|  0%| F|  |TAMS 0x000000070dd00000, 0x000000070dd00000| Untracked 
| 180|0x000000070de00000, 0x000000070de00000, 0x000000070df00000|  0%| F|  |TAMS 0x000000070de00000, 0x000000070de00000| Untracked 
| 181|0x000000070df00000, 0x000000070df00000, 0x000000070e000000|  0%| F|  |TAMS 0x000000070df00000, 0x000000070df00000| Untracked 
| 182|0x000000070e000000, 0x000000070e000000, 0x000000070e100000|  0%| F|  |TAMS 0x000000070e000000, 0x000000070e000000| Untracked 
| 183|0x000000070e100000, 0x000000070e100000, 0x000000070e200000|  0%| F|  |TAMS 0x000000070e100000, 0x000000070e100000| Untracked 
| 184|0x000000070e200000, 0x000000070e200000, 0x000000070e300000|  0%| F|  |TAMS 0x000000070e200000, 0x000000070e200000| Untracked 
| 185|0x000000070e300000, 0x000000070e300000, 0x000000070e400000|  0%| F|  |TAMS 0x000000070e300000, 0x000000070e300000| Untracked 
| 186|0x000000070e400000, 0x000000070e400000, 0x000000070e500000|  0%| F|  |TAMS 0x000000070e400000, 0x000000070e400000| Untracked 
| 187|0x000000070e500000, 0x000000070e500000, 0x000000070e600000|  0%| F|  |TAMS 0x000000070e500000, 0x000000070e500000| Untracked 
| 188|0x000000070e600000, 0x000000070e600000, 0x000000070e700000|  0%| F|  |TAMS 0x000000070e600000, 0x000000070e600000| Untracked 
| 189|0x000000070e700000, 0x000000070e700000, 0x000000070e800000|  0%| F|  |TAMS 0x000000070e700000, 0x000000070e700000| Untracked 
| 190|0x000000070e800000, 0x000000070e800000, 0x000000070e900000|  0%| F|  |TAMS 0x000000070e800000, 0x000000070e800000| Untracked 
| 191|0x000000070e900000, 0x000000070e900000, 0x000000070ea00000|  0%| F|  |TAMS 0x000000070e900000, 0x000000070e900000| Untracked 
| 192|0x000000070ea00000, 0x000000070ea00000, 0x000000070eb00000|  0%| F|  |TAMS 0x000000070ea00000, 0x000000070ea00000| Untracked 
| 193|0x000000070eb00000, 0x000000070eb00000, 0x000000070ec00000|  0%| F|  |TAMS 0x000000070eb00000, 0x000000070eb00000| Untracked 
| 194|0x000000070ec00000, 0x000000070ec00000, 0x000000070ed00000|  0%| F|  |TAMS 0x000000070ec00000, 0x000000070ec00000| Untracked 
| 195|0x000000070ed00000, 0x000000070ed00000, 0x000000070ee00000|  0%| F|  |TAMS 0x000000070ed00000, 0x000000070ed00000| Untracked 
| 196|0x000000070ee00000, 0x000000070ee00000, 0x000000070ef00000|  0%| F|  |TAMS 0x000000070ee00000, 0x000000070ee00000| Untracked 
| 197|0x000000070ef00000, 0x000000070ef00000, 0x000000070f000000|  0%| F|  |TAMS 0x000000070ef00000, 0x000000070ef00000| Untracked 
| 198|0x000000070f000000, 0x000000070f000000, 0x000000070f100000|  0%| F|  |TAMS 0x000000070f000000, 0x000000070f000000| Untracked 
| 199|0x000000070f100000, 0x000000070f100000, 0x000000070f200000|  0%| F|  |TAMS 0x000000070f100000, 0x000000070f100000| Untracked 
| 200|0x000000070f200000, 0x000000070f200000, 0x000000070f300000|  0%| F|  |TAMS 0x000000070f200000, 0x000000070f200000| Untracked 
| 201|0x000000070f300000, 0x000000070f300000, 0x000000070f400000|  0%| F|  |TAMS 0x000000070f300000, 0x000000070f300000| Untracked 
| 202|0x000000070f400000, 0x000000070f400000, 0x000000070f500000|  0%| F|  |TAMS 0x000000070f400000, 0x000000070f400000| Untracked 
| 203|0x000000070f500000, 0x000000070f500000, 0x000000070f600000|  0%| F|  |TAMS 0x000000070f500000, 0x000000070f500000| Untracked 
| 204|0x000000070f600000, 0x000000070f600000, 0x000000070f700000|  0%| F|  |TAMS 0x000000070f600000, 0x000000070f600000| Untracked 
| 205|0x000000070f700000, 0x000000070f700000, 0x000000070f800000|  0%| F|  |TAMS 0x000000070f700000, 0x000000070f700000| Untracked 
| 206|0x000000070f800000, 0x000000070f800000, 0x000000070f900000|  0%| F|  |TAMS 0x000000070f800000, 0x000000070f800000| Untracked 
| 207|0x000000070f900000, 0x000000070f900000, 0x000000070fa00000|  0%| F|  |TAMS 0x000000070f900000, 0x000000070f900000| Untracked 
| 208|0x000000070fa00000, 0x000000070fa00000, 0x000000070fb00000|  0%| F|  |TAMS 0x000000070fa00000, 0x000000070fa00000| Untracked 
| 209|0x000000070fb00000, 0x000000070fb00000, 0x000000070fc00000|  0%| F|  |TAMS 0x000000070fb00000, 0x000000070fb00000| Untracked 
| 210|0x000000070fc00000, 0x000000070fc00000, 0x000000070fd00000|  0%| F|  |TAMS 0x000000070fc00000, 0x000000070fc00000| Untracked 
| 211|0x000000070fd00000, 0x000000070fd00000, 0x000000070fe00000|  0%| F|  |TAMS 0x000000070fd00000, 0x000000070fd00000| Untracked 
| 212|0x000000070fe00000, 0x000000070fe00000, 0x000000070ff00000|  0%| F|  |TAMS 0x000000070fe00000, 0x000000070fe00000| Untracked 
| 213|0x000000070ff00000, 0x000000070ff00000, 0x0000000710000000|  0%| F|  |TAMS 0x000000070ff00000, 0x000000070ff00000| Untracked 
| 214|0x0000000710000000, 0x00000007100edd10, 0x0000000710100000| 92%| S|CS|TAMS 0x0000000710000000, 0x0000000710000000| Complete 
| 215|0x0000000710100000, 0x0000000710200000, 0x0000000710200000|100%| S|CS|TAMS 0x0000000710100000, 0x0000000710100000| Complete 
| 216|0x0000000710200000, 0x0000000710300000, 0x0000000710300000|100%| S|CS|TAMS 0x0000000710200000, 0x0000000710200000| Complete 
| 217|0x0000000710300000, 0x0000000710400000, 0x0000000710400000|100%| S|CS|TAMS 0x0000000710300000, 0x0000000710300000| Complete 
| 218|0x0000000710400000, 0x0000000710500000, 0x0000000710500000|100%| S|CS|TAMS 0x0000000710400000, 0x0000000710400000| Complete 
| 219|0x0000000710500000, 0x0000000710600000, 0x0000000710600000|100%| S|CS|TAMS 0x0000000710500000, 0x0000000710500000| Complete 
| 220|0x0000000710600000, 0x0000000710700000, 0x0000000710700000|100%| S|CS|TAMS 0x0000000710600000, 0x0000000710600000| Complete 
| 221|0x0000000710700000, 0x0000000710700000, 0x0000000710800000|  0%| F|  |TAMS 0x0000000710700000, 0x0000000710700000| Untracked 
| 222|0x0000000710800000, 0x0000000710800000, 0x0000000710900000|  0%| F|  |TAMS 0x0000000710800000, 0x0000000710800000| Untracked 
| 223|0x0000000710900000, 0x0000000710900000, 0x0000000710a00000|  0%| F|  |TAMS 0x0000000710900000, 0x0000000710900000| Untracked 
| 224|0x0000000710a00000, 0x0000000710a00000, 0x0000000710b00000|  0%| F|  |TAMS 0x0000000710a00000, 0x0000000710a00000| Untracked 
| 225|0x0000000710b00000, 0x0000000710b00000, 0x0000000710c00000|  0%| F|  |TAMS 0x0000000710b00000, 0x0000000710b00000| Untracked 
| 226|0x0000000710c00000, 0x0000000710c00000, 0x0000000710d00000|  0%| F|  |TAMS 0x0000000710c00000, 0x0000000710c00000| Untracked 
| 227|0x0000000710d00000, 0x0000000710d00000, 0x0000000710e00000|  0%| F|  |TAMS 0x0000000710d00000, 0x0000000710d00000| Untracked 
| 228|0x0000000710e00000, 0x0000000710e00000, 0x0000000710f00000|  0%| F|  |TAMS 0x0000000710e00000, 0x0000000710e00000| Untracked 
| 229|0x0000000710f00000, 0x0000000710f00000, 0x0000000711000000|  0%| F|  |TAMS 0x0000000710f00000, 0x0000000710f00000| Untracked 
| 230|0x0000000711000000, 0x0000000711000000, 0x0000000711100000|  0%| F|  |TAMS 0x0000000711000000, 0x0000000711000000| Untracked 
| 231|0x0000000711100000, 0x0000000711100000, 0x0000000711200000|  0%| F|  |TAMS 0x0000000711100000, 0x0000000711100000| Untracked 
| 232|0x0000000711200000, 0x0000000711200000, 0x0000000711300000|  0%| F|  |TAMS 0x0000000711200000, 0x0000000711200000| Untracked 
| 233|0x0000000711300000, 0x0000000711300000, 0x0000000711400000|  0%| F|  |TAMS 0x0000000711300000, 0x0000000711300000| Untracked 
| 234|0x0000000711400000, 0x0000000711400000, 0x0000000711500000|  0%| F|  |TAMS 0x0000000711400000, 0x0000000711400000| Untracked 
| 235|0x0000000711500000, 0x0000000711500000, 0x0000000711600000|  0%| F|  |TAMS 0x0000000711500000, 0x0000000711500000| Untracked 
| 236|0x0000000711600000, 0x0000000711600000, 0x0000000711700000|  0%| F|  |TAMS 0x0000000711600000, 0x0000000711600000| Untracked 
| 237|0x0000000711700000, 0x0000000711700000, 0x0000000711800000|  0%| F|  |TAMS 0x0000000711700000, 0x0000000711700000| Untracked 
| 238|0x0000000711800000, 0x0000000711800000, 0x0000000711900000|  0%| F|  |TAMS 0x0000000711800000, 0x0000000711800000| Untracked 
| 239|0x0000000711900000, 0x0000000711900000, 0x0000000711a00000|  0%| F|  |TAMS 0x0000000711900000, 0x0000000711900000| Untracked 
| 240|0x0000000711a00000, 0x0000000711a00000, 0x0000000711b00000|  0%| F|  |TAMS 0x0000000711a00000, 0x0000000711a00000| Untracked 
| 241|0x0000000711b00000, 0x0000000711b00000, 0x0000000711c00000|  0%| F|  |TAMS 0x0000000711b00000, 0x0000000711b00000| Untracked 
| 242|0x0000000711c00000, 0x0000000711c00000, 0x0000000711d00000|  0%| F|  |TAMS 0x0000000711c00000, 0x0000000711c00000| Untracked 
| 243|0x0000000711d00000, 0x0000000711d00000, 0x0000000711e00000|  0%| F|  |TAMS 0x0000000711d00000, 0x0000000711d00000| Untracked 
| 244|0x0000000711e00000, 0x0000000711e00000, 0x0000000711f00000|  0%| F|  |TAMS 0x0000000711e00000, 0x0000000711e00000| Untracked 
| 245|0x0000000711f00000, 0x0000000711f00000, 0x0000000712000000|  0%| F|  |TAMS 0x0000000711f00000, 0x0000000711f00000| Untracked 
| 246|0x0000000712000000, 0x0000000712000000, 0x0000000712100000|  0%| F|  |TAMS 0x0000000712000000, 0x0000000712000000| Untracked 
| 247|0x0000000712100000, 0x0000000712100000, 0x0000000712200000|  0%| F|  |TAMS 0x0000000712100000, 0x0000000712100000| Untracked 
| 248|0x0000000712200000, 0x0000000712200000, 0x0000000712300000|  0%| F|  |TAMS 0x0000000712200000, 0x0000000712200000| Untracked 
| 249|0x0000000712300000, 0x0000000712300000, 0x0000000712400000|  0%| F|  |TAMS 0x0000000712300000, 0x0000000712300000| Untracked 
| 250|0x0000000712400000, 0x0000000712400000, 0x0000000712500000|  0%| F|  |TAMS 0x0000000712400000, 0x0000000712400000| Untracked 
| 251|0x0000000712500000, 0x00000007125eca40, 0x0000000712600000| 92%| E|  |TAMS 0x0000000712500000, 0x0000000712500000| Complete 
| 252|0x0000000712600000, 0x0000000712700000, 0x0000000712700000|100%| E|CS|TAMS 0x0000000712600000, 0x0000000712600000| Complete 
| 253|0x0000000712700000, 0x0000000712800000, 0x0000000712800000|100%| E|CS|TAMS 0x0000000712700000, 0x0000000712700000| Complete 

Card table byte_map: [0x000002e02f960000,0x000002e030150000] _byte_map_base: 0x000002e02c14b000

Marking Bits (Prev, Next): (CMBitMap*) 0x000002e0187e4450, (CMBitMap*) 0x000002e0187e4418
 Prev Bits: [0x000002e0348a0000, 0x000002e0387f8000)
 Next Bits: [0x000002e030940000, 0x000002e034898000)

Polling page: 0x000002e016750000

Metaspace:

Usage:
  Non-class:     18.33 MB capacity,    17.99 MB ( 98%) used,   277.49 KB (  1%) free+waste,    72.25 KB ( <1%) overhead. 
      Class:      2.79 MB capacity,     2.51 MB ( 90%) used,   238.41 KB (  8%) free+waste,    39.44 KB (  1%) overhead. 
       Both:     21.12 MB capacity,    20.51 MB ( 97%) used,   515.90 KB (  2%) free+waste,   111.69 KB ( <1%) overhead. 

Virtual space:
  Non-class space:       20.00 MB reserved,      18.50 MB ( 92%) committed 
      Class space:        1.00 GB reserved,       2.88 MB ( <1%) committed 
             Both:        1.02 GB reserved,      21.37 MB (  2%) committed 

Chunk freelists:
   Non-Class:  5.12 KB
       Class:  0 bytes
        Both:  5.12 KB

CodeHeap 'non-profiled nmethods': size=120000Kb used=916Kb max_used=916Kb free=119083Kb
 bounds [0x000002e027910000, 0x000002e027b80000, 0x000002e02ee40000]
CodeHeap 'profiled nmethods': size=120000Kb used=3628Kb max_used=3628Kb free=116371Kb
 bounds [0x000002e0203e0000, 0x000002e020770000, 0x000002e027910000]
CodeHeap 'non-nmethods': size=5760Kb used=1333Kb max_used=1349Kb free=4426Kb
 bounds [0x000002e01fe40000, 0x000002e0200b0000, 0x000002e0203e0000]
 total_blobs=2714 nmethods=1960 adapters=665
 compilation: enabled
              stopped_count=0, restarted_count=0
 full_count=0

Compilation events (10 events):
Event: 1.641 Thread 0x000002e03bc5f800 1947  s!   3       com.sun.javafx.tk.Toolkit::getToolkit (244 bytes)
Event: 1.644 Thread 0x000002e03bc5f800 nmethod 1947 0x000002e02075ef10 code [0x000002e02075f580, 0x000002e020762e48]
Event: 1.644 Thread 0x000002e03bc5f800 1948       3       com.sun.javafx.geom.PickRay::setOrigin (12 bytes)
Event: 1.644 Thread 0x000002e03bc5f800 nmethod 1948 0x000002e020764590 code [0x000002e020764720, 0x000002e0207648b8]
Event: 1.644 Thread 0x000002e03bc5f800 1949       3       com.sun.javafx.event.EventHandlerManager::dispatchCapturingEvent (41 bytes)
Event: 1.644 Thread 0x000002e03bc5f800 nmethod 1949 0x000002e020764a10 code [0x000002e020764c00, 0x000002e020765318]
Event: 1.648 Thread 0x000002e03bc5f800 1950   !   3       javafx.scene.Node::pickNode (130 bytes)
Event: 1.650 Thread 0x000002e03bc5f800 nmethod 1950 0x000002e020765510 code [0x000002e0207657c0, 0x000002e020766858]
Event: 1.650 Thread 0x000002e03bc5f800 1951       3       javafx.scene.Node::isMouseTransparent (19 bytes)
Event: 1.650 Thread 0x000002e03bc5f800 nmethod 1951 0x000002e020767090 code [0x000002e020767260, 0x000002e0207676a8]

GC Heap History (4 events):
Event: 0.646 GC heap before
{Heap before GC invocations=0 (full 0):
 garbage-first heap   total 260096K, used 23552K [0x0000000702a00000, 0x0000000800000000)
  region size 1024K, 24 young (24576K), 0 survivors (0K)
 Metaspace       used 11467K, capacity 11785K, committed 11904K, reserved 1060864K
  class space    used 1265K, capacity 1400K, committed 1408K, reserved 1048576K
}
Event: 0.648 GC heap after
{Heap after GC invocations=1 (full 0):
 garbage-first heap   total 260096K, used 2998K [0x0000000702a00000, 0x0000000800000000)
  region size 1024K, 3 young (3072K), 3 survivors (3072K)
 Metaspace       used 11467K, capacity 11785K, committed 11904K, reserved 1060864K
  class space    used 1265K, capacity 1400K, committed 1408K, reserved 1048576K
}
Event: 1.542 GC heap before
{Heap before GC invocations=1 (full 0):
 garbage-first heap   total 260096K, used 53174K [0x0000000702a00000, 0x0000000800000000)
  region size 1024K, 33 young (33792K), 3 survivors (3072K)
 Metaspace       used 20577K, capacity 21185K, committed 21248K, reserved 1067008K
  class space    used 2530K, capacity 2811K, committed 2816K, reserved 1048576K
}
Event: 1.551 GC heap after
{Heap after GC invocations=2 (full 0):
 garbage-first heap   total 260096K, used 22455K [0x0000000702a00000, 0x0000000800000000)
  region size 1024K, 7 young (7168K), 7 survivors (7168K)
 Metaspace       used 20577K, capacity 21185K, committed 21248K, reserved 1067008K
  class space    used 2530K, capacity 2811K, committed 2816K, reserved 1048576K
}

Deoptimization events (10 events):
Event: 1.142 Thread 0x000002e03c70f000 Uncommon trap: reason=unstable_if action=reinterpret pc=0x000002e0279302f4 method=java.util.HashMap.hash(Ljava/lang/Object;)I @ 1 c2
Event: 1.147 Thread 0x000002e03c70f000 Uncommon trap: reason=unstable_if action=reinterpret pc=0x000002e02792a0b8 method=java.util.HashMap.hash(Ljava/lang/Object;)I @ 1 c2
Event: 1.169 Thread 0x000002e03c70f000 Uncommon trap: reason=intrinsic_or_type_checked_inlining action=make_not_entrant pc=0x000002e027982668 method=java.util.Arrays.copyOf([Ljava/lang/Object;ILjava/lang/Class;)[Ljava/lang/Object; @ 35 c2
Event: 1.187 Thread 0x000002e03c70f000 Uncommon trap: reason=bimorphic_or_optimized_type_check action=maybe_recompile pc=0x000002e027998d30 method=java.io.DataInputStream.readFully([BII)V @ 34 c2
Event: 1.322 Thread 0x000002e03c70f000 Uncommon trap: reason=class_check action=maybe_recompile pc=0x000002e027920660 method=java.lang.String.equals(Ljava/lang/Object;)Z @ 8 c2
Event: 1.322 Thread 0x000002e03c70f000 Uncommon trap: reason=class_check action=maybe_recompile pc=0x000002e027920660 method=java.lang.String.equals(Ljava/lang/Object;)Z @ 8 c2
Event: 1.322 Thread 0x000002e03c70f000 Uncommon trap: reason=class_check action=maybe_recompile pc=0x000002e027920660 method=java.lang.String.equals(Ljava/lang/Object;)Z @ 8 c2
Event: 1.369 Thread 0x000002e03c70f000 Uncommon trap: reason=class_check action=maybe_recompile pc=0x000002e027920660 method=java.lang.String.equals(Ljava/lang/Object;)Z @ 8 c2
Event: 1.402 Thread 0x000002e03c70f000 Uncommon trap: reason=unstable_if action=reinterpret pc=0x000002e0279c49dc method=java.io.BufferedInputStream.read1([BII)I @ 22 c2
Event: 1.511 Thread 0x000002e03ca1f800 Uncommon trap: reason=unstable_if action=reinterpret pc=0x000002e0279a490c method=java.io.BufferedInputStream.read1([BII)I @ 22 c2

Classes redefined (0 events):
No events

Internal exceptions (10 events):
Event: 0.893 Thread 0x000002e03c70f000 Exception <a 'java/lang/NoSuchMethodError'{0x0000000711e20be8}: java.lang.invoke.DirectMethodHandle$Holder.invokeStatic(Ljava/lang/Object;Ljava/lang/Object;Ljava/lang/Object;Ljava/lang/Object;Ljava/lang/Object;Ljava/lang/Object;Ljava/lang/Object;Ljava/lan
Event: 0.894 Thread 0x000002e03c70f000 Exception <a 'java/lang/NoSuchMethodError'{0x0000000711e412a0}: java.lang.invoke.DirectMethodHandle$Holder.invokeStatic(Ljava/lang/Object;Ljava/lang/Object;Ljava/lang/Object;Ljava/lang/Object;Ljava/lang/Object;Ljava/lang/Object;Ljava/lang/Object;Ljava/lan
Event: 0.965 Thread 0x000002e03c70f000 Exception <a 'java/lang/NoSuchMethodError'{0x0000000711951bb0}: java.lang.invoke.DirectMethodHandle$Holder.invokeSpecial(Ljava/lang/Object;Ljava/lang/Object;Ljava/lang/Object;Ljava/lang/Object;Ljava/lang/Object;)V> (0x0000000711951bb0) thrown at [./open/s
Event: 1.142 Thread 0x000002e03c70f000 Implicit null exception at 0x000002e027995175 to 0x000002e027995584
Event: 1.142 Thread 0x000002e03c70f000 Implicit null exception at 0x000002e027930258 to 0x000002e0279302ea
Event: 1.147 Thread 0x000002e03c70f000 Implicit null exception at 0x000002e02792a02f to 0x000002e02792a0a9
Event: 1.338 Thread 0x000002e03c70f000 Exception <a 'java/lang/NoSuchMethodError'{0x00000007110d6af0}: java.lang.invoke.Invokers$Holder.linkToTargetMethod(Ljava/lang/Object;ILjava/lang/Object;)Ljava/lang/Object;> (0x00000007110d6af0) thrown at [./open/src/hotspot/share/interpreter/linkResolver
Event: 1.357 Thread 0x000002e03c70f000 Exception <a 'java/lang/NoSuchMethodError'{0x0000000710ca50e8}: java.lang.invoke.DirectMethodHandle$Holder.invokeInterface(Ljava/lang/Object;Ljava/lang/Object;Ljava/lang/Object;)Ljava/lang/Object;> (0x0000000710ca50e8) thrown at [./open/src/hotspot/share/
Event: 1.357 Thread 0x000002e03c70f000 Exception <a 'java/lang/IncompatibleClassChangeError'{0x0000000710ca82a0}: Found class java.lang.Object, but interface was expected> (0x0000000710ca82a0) thrown at [./open/src/hotspot/share/interpreter/linkResolver.cpp, line 838]
Event: 1.496 Thread 0x000002e03ca1f800 Exception <a 'java/lang/NoSuchMethodError'{0x000000071081a018}: java.lang.invoke.DirectMethodHandle$Holder.invokeStaticInit(Ljava/lang/Object;Ljava/lang/Object;)I> (0x000000071081a018) thrown at [./open/src/hotspot/share/interpreter/linkResolver.cpp, line

Events (10 events):
Event: 1.565 loading class jdk/internal/math/FDBigInteger
Event: 1.565 loading class jdk/internal/math/FDBigInteger done
Event: 1.570 loading class sun/misc/Unsafe
Event: 1.571 loading class sun/misc/Unsafe done
Event: 1.571 loading class jdk/internal/reflect/UnsafeQualifiedStaticObjectFieldAccessorImpl
Event: 1.571 loading class jdk/internal/reflect/UnsafeQualifiedStaticFieldAccessorImpl
Event: 1.571 loading class jdk/internal/reflect/UnsafeQualifiedStaticFieldAccessorImpl done
Event: 1.571 loading class jdk/internal/reflect/UnsafeQualifiedStaticObjectFieldAccessorImpl done
Event: 1.581 loading class com/sun/marlin/OffHeapArray
Event: 1.581 loading class com/sun/marlin/OffHeapArray done


Dynamic libraries:
0x00007ff74d7d0000 - 0x00007ff74d7e0000 	C:\Program Files\Java\jdk-11\bin\java.exe
0x00007ff9cd4d0000 - 0x00007ff9cd6e7000 	C:\WINDOWS\SYSTEM32\ntdll.dll
0x00007ff9cb9c0000 - 0x00007ff9cba84000 	C:\WINDOWS\System32\KERNEL32.DLL
0x00007ff9cac10000 - 0x00007ff9cafb6000 	C:\WINDOWS\System32\KERNELBASE.dll
0x00007ff9ca9d0000 - 0x00007ff9caae1000 	C:\WINDOWS\System32\ucrtbase.dll
0x00007ff9b57f0000 - 0x00007ff9b5809000 	C:\Program Files\Java\jdk-11\bin\jli.dll
0x00007ff9b1930000 - 0x00007ff9b194b000 	C:\Program Files\Java\jdk-11\bin\VCRUNTIME140.dll
0x00007ff9cc380000 - 0x00007ff9cc431000 	C:\WINDOWS\System32\ADVAPI32.dll
0x00007ff9cb590000 - 0x00007ff9cb637000 	C:\WINDOWS\System32\msvcrt.dll
0x00007ff9cb4e0000 - 0x00007ff9cb585000 	C:\WINDOWS\System32\sechost.dll
0x00007ff9ccd20000 - 0x00007ff9cce37000 	C:\WINDOWS\System32\RPCRT4.dll
0x00007ff9cb7f0000 - 0x00007ff9cb99e000 	C:\WINDOWS\System32\USER32.dll
0x00007ff9ca840000 - 0x00007ff9ca866000 	C:\WINDOWS\System32\win32u.dll
0x00007ff9ccfd0000 - 0x00007ff9ccff9000 	C:\WINDOWS\System32\GDI32.dll
0x00007ff9caaf0000 - 0x00007ff9cac08000 	C:\WINDOWS\System32\gdi32full.dll
0x00007ff9b6050000 - 0x00007ff9b62e3000 	C:\WINDOWS\WinSxS\amd64_microsoft.windows.common-controls_6595b64144ccf1df_6.0.22621.2506_none_270c5ae97388e100\COMCTL32.dll
0x00007ff9ca870000 - 0x00007ff9ca90a000 	C:\WINDOWS\System32\msvcp_win.dll
0x00007ff9ca2e0000 - 0x00007ff9ca2ea000 	C:\WINDOWS\SYSTEM32\VERSION.dll
0x00007ff9ccf90000 - 0x00007ff9ccfc1000 	C:\WINDOWS\System32\IMM32.DLL
0x00000000535f0000 - 0x00000000535fc000 	C:\Program Files (x86)\360\Total Security\safemon\SafeWrapper.dll
0x00007ff99cb00000 - 0x00007ff99cb92000 	C:\Program Files (x86)\360\Total Security\safemon\libzdtp64.dll
0x00007ff9cc4b0000 - 0x00007ff9ccd0a000 	C:\WINDOWS\System32\SHELL32.dll
0x00007ff9cb790000 - 0x00007ff9cb7ee000 	C:\WINDOWS\System32\SHLWAPI.dll
0x00007ff9b1900000 - 0x00007ff9b190c000 	C:\Program Files\Java\jdk-11\bin\vcruntime140_1.dll
0x00007ff97f2c0000 - 0x00007ff97f34e000 	C:\Program Files\Java\jdk-11\bin\msvcp140.dll
0x00007ff9280f0000 - 0x00007ff928c5d000 	C:\Program Files\Java\jdk-11\bin\server\jvm.dll
0x00007ff9ccd10000 - 0x00007ff9ccd18000 	C:\WINDOWS\System32\PSAPI.DLL
0x00007ff9b06e0000 - 0x00007ff9b06e9000 	C:\WINDOWS\SYSTEM32\WSOCK32.dll
0x00007ff9c3540000 - 0x00007ff9c3574000 	C:\WINDOWS\SYSTEM32\WINMM.dll
0x00007ff9cd000000 - 0x00007ff9cd071000 	C:\WINDOWS\System32\WS2_32.dll
0x00007ff9c98c0000 - 0x00007ff9c98d8000 	C:\WINDOWS\SYSTEM32\kernel.appcore.dll
0x00007ff9a46c0000 - 0x00007ff9a46d0000 	C:\Program Files\Java\jdk-11\bin\verify.dll
0x00007ff9c80e0000 - 0x00007ff9c8313000 	C:\WINDOWS\SYSTEM32\DBGHELP.DLL
0x00007ff9cd080000 - 0x00007ff9cd409000 	C:\WINDOWS\System32\combase.dll
0x00007ff9cbe20000 - 0x00007ff9cbef7000 	C:\WINDOWS\System32\OLEAUT32.dll
0x00007ff9a5eb0000 - 0x00007ff9a5ee2000 	C:\WINDOWS\SYSTEM32\dbgcore.DLL
0x00007ff9cafc0000 - 0x00007ff9cb03a000 	C:\WINDOWS\System32\bcryptPrimitives.dll
0x00007ff98d9c0000 - 0x00007ff98d9e8000 	C:\Program Files\Java\jdk-11\bin\java.dll
0x00007ff9a1d20000 - 0x00007ff9a1d2a000 	C:\Program Files\Java\jdk-11\bin\jimage.dll
0x00007ff99e900000 - 0x00007ff99e917000 	C:\Program Files\Java\jdk-11\bin\zip.dll
0x00007ff9c8700000 - 0x00007ff9c8ff6000 	C:\WINDOWS\SYSTEM32\windows.storage.dll
0x00007ff9c85c0000 - 0x00007ff9c86fe000 	C:\WINDOWS\SYSTEM32\wintypes.dll
0x00007ff9cb380000 - 0x00007ff9cb473000 	C:\WINDOWS\System32\SHCORE.dll
0x00007ff9ca770000 - 0x00007ff9ca796000 	C:\WINDOWS\SYSTEM32\profapi.dll
0x00007ff99bba0000 - 0x00007ff99bbb9000 	C:\Program Files\Java\jdk-11\bin\net.dll
0x00007ff9c47d0000 - 0x00007ff9c4907000 	C:\WINDOWS\SYSTEM32\WINHTTP.dll
0x00007ff9c9d40000 - 0x00007ff9c9da9000 	C:\WINDOWS\system32\mswsock.dll
0x00007ff994ea0000 - 0x00007ff994eb2000 	C:\Program Files\Java\jdk-11\bin\nio.dll
0x000002e018680000 - 0x000002e018683000 	C:\Users\pythonord\.openjfx\cache\19+11\amd64\api-ms-win-core-console-l1-1-0.dll
0x000002e018690000 - 0x000002e018693000 	C:\Users\pythonord\.openjfx\cache\19+11\amd64\api-ms-win-core-console-l1-2-0.dll
0x000002e0186a0000 - 0x000002e0186a3000 	C:\Users\pythonord\.openjfx\cache\19+11\amd64\api-ms-win-core-datetime-l1-1-0.dll
0x000002e0186b0000 - 0x000002e0186b3000 	C:\Users\pythonord\.openjfx\cache\19+11\amd64\api-ms-win-core-debug-l1-1-0.dll
0x000002e0186c0000 - 0x000002e0186c3000 	C:\Users\pythonord\.openjfx\cache\19+11\amd64\api-ms-win-core-errorhandling-l1-1-0.dll
0x000002e0186d0000 - 0x000002e0186d4000 	C:\Users\pythonord\.openjfx\cache\19+11\amd64\api-ms-win-core-file-l1-1-0.dll
0x000002e0186e0000 - 0x000002e0186e3000 	C:\Users\pythonord\.openjfx\cache\19+11\amd64\api-ms-win-core-file-l1-2-0.dll
0x000002e0186f0000 - 0x000002e0186f3000 	C:\Users\pythonord\.openjfx\cache\19+11\amd64\api-ms-win-core-file-l2-1-0.dll
0x000002e018700000 - 0x000002e018703000 	C:\Users\pythonord\.openjfx\cache\19+11\amd64\api-ms-win-core-handle-l1-1-0.dll
0x000002e018710000 - 0x000002e018713000 	C:\Users\pythonord\.openjfx\cache\19+11\amd64\api-ms-win-core-heap-l1-1-0.dll
0x000002e018720000 - 0x000002e018723000 	C:\Users\pythonord\.openjfx\cache\19+11\amd64\api-ms-win-core-interlocked-l1-1-0.dll
0x000002e03d860000 - 0x000002e03d863000 	C:\Users\pythonord\.openjfx\cache\19+11\amd64\api-ms-win-core-libraryloader-l1-1-0.dll
0x000002e03d870000 - 0x000002e03d873000 	C:\Users\pythonord\.openjfx\cache\19+11\amd64\api-ms-win-core-localization-l1-2-0.dll
0x000002e03d880000 - 0x000002e03d883000 	C:\Users\pythonord\.openjfx\cache\19+11\amd64\api-ms-win-core-memory-l1-1-0.dll
0x000002e03d890000 - 0x000002e03d893000 	C:\Users\pythonord\.openjfx\cache\19+11\amd64\api-ms-win-core-namedpipe-l1-1-0.dll
0x000002e03d8a0000 - 0x000002e03d8a3000 	C:\Users\pythonord\.openjfx\cache\19+11\amd64\api-ms-win-core-processenvironment-l1-1-0.dll
0x000002e03d8b0000 - 0x000002e03d8b3000 	C:\Users\pythonord\.openjfx\cache\19+11\amd64\api-ms-win-core-processthreads-l1-1-0.dll
0x000002e03d8c0000 - 0x000002e03d8c3000 	C:\Users\pythonord\.openjfx\cache\19+11\amd64\api-ms-win-core-processthreads-l1-1-1.dll
0x000002e03d8d0000 - 0x000002e03d8d3000 	C:\Users\pythonord\.openjfx\cache\19+11\amd64\api-ms-win-core-profile-l1-1-0.dll
0x000002e03d8e0000 - 0x000002e03d8e3000 	C:\Users\pythonord\.openjfx\cache\19+11\amd64\api-ms-win-core-rtlsupport-l1-1-0.dll
0x000002e03d8f0000 - 0x000002e03d8f3000 	C:\Users\pythonord\.openjfx\cache\19+11\amd64\api-ms-win-core-string-l1-1-0.dll
0x000002e03d900000 - 0x000002e03d903000 	C:\Users\pythonord\.openjfx\cache\19+11\amd64\api-ms-win-core-synch-l1-1-0.dll
0x000002e03d910000 - 0x000002e03d913000 	C:\Users\pythonord\.openjfx\cache\19+11\amd64\api-ms-win-core-synch-l1-2-0.dll
0x000002e03d920000 - 0x000002e03d923000 	C:\Users\pythonord\.openjfx\cache\19+11\amd64\api-ms-win-core-sysinfo-l1-1-0.dll
0x000002e03d930000 - 0x000002e03d933000 	C:\Users\pythonord\.openjfx\cache\19+11\amd64\api-ms-win-core-timezone-l1-1-0.dll
0x000002e03d940000 - 0x000002e03d943000 	C:\Users\pythonord\.openjfx\cache\19+11\amd64\api-ms-win-core-util-l1-1-0.dll
0x000002e03d950000 - 0x000002e03d953000 	C:\Users\pythonord\.openjfx\cache\19+11\amd64\api-ms-win-crt-conio-l1-1-0.dll
0x000002e03d960000 - 0x000002e03d964000 	C:\Users\pythonord\.openjfx\cache\19+11\amd64\api-ms-win-crt-convert-l1-1-0.dll
0x000002e03d970000 - 0x000002e03d973000 	C:\Users\pythonord\.openjfx\cache\19+11\amd64\api-ms-win-crt-environment-l1-1-0.dll
0x000002e03d980000 - 0x000002e03d983000 	C:\Users\pythonord\.openjfx\cache\19+11\amd64\api-ms-win-crt-filesystem-l1-1-0.dll
0x000002e03d990000 - 0x000002e03d993000 	C:\Users\pythonord\.openjfx\cache\19+11\amd64\api-ms-win-crt-heap-l1-1-0.dll
0x000002e03d9a0000 - 0x000002e03d9a3000 	C:\Users\pythonord\.openjfx\cache\19+11\amd64\api-ms-win-crt-locale-l1-1-0.dll
0x000002e03d9b0000 - 0x000002e03d9b5000 	C:\Users\pythonord\.openjfx\cache\19+11\amd64\api-ms-win-crt-math-l1-1-0.dll
0x000002e03d9c0000 - 0x000002e03d9c5000 	C:\Users\pythonord\.openjfx\cache\19+11\amd64\api-ms-win-crt-multibyte-l1-1-0.dll
0x000002e03d9d0000 - 0x000002e03d9e0000 	C:\Users\pythonord\.openjfx\cache\19+11\amd64\api-ms-win-crt-private-l1-1-0.dll
0x000002e03d9e0000 - 0x000002e03d9e3000 	C:\Users\pythonord\.openjfx\cache\19+11\amd64\api-ms-win-crt-process-l1-1-0.dll
0x000002e03d9f0000 - 0x000002e03d9f4000 	C:\Users\pythonord\.openjfx\cache\19+11\amd64\api-ms-win-crt-runtime-l1-1-0.dll
0x000002e03da00000 - 0x000002e03da04000 	C:\Users\pythonord\.openjfx\cache\19+11\amd64\api-ms-win-crt-stdio-l1-1-0.dll
0x000002e03da10000 - 0x000002e03da14000 	C:\Users\pythonord\.openjfx\cache\19+11\amd64\api-ms-win-crt-string-l1-1-0.dll
0x000002e03da20000 - 0x000002e03da23000 	C:\Users\pythonord\.openjfx\cache\19+11\amd64\api-ms-win-crt-time-l1-1-0.dll
0x000002e03da30000 - 0x000002e03da33000 	C:\Users\pythonord\.openjfx\cache\19+11\amd64\api-ms-win-crt-utility-l1-1-0.dll
0x00007ff9656c0000 - 0x00007ff9657bc000 	C:\Users\pythonord\.openjfx\cache\19+11\amd64\ucrtbase.dll
0x00007ff990060000 - 0x00007ff99007b000 	C:\Users\pythonord\.openjfx\cache\19+11\amd64\vcruntime140.dll
0x00007ff9a1b80000 - 0x00007ff9a1b8c000 	C:\Users\pythonord\.openjfx\cache\19+11\amd64\vcruntime140_1.dll
0x00007ff93c9e0000 - 0x00007ff93ca6e000 	C:\Users\pythonord\.openjfx\cache\19+11\amd64\msvcp140.dll
0x00007ff99d990000 - 0x00007ff99d999000 	C:\Users\pythonord\.openjfx\cache\19+11\amd64\msvcp140_1.dll
0x00007ff987460000 - 0x00007ff987490000 	C:\Users\pythonord\.openjfx\cache\19+11\amd64\msvcp140_2.dll
0x00007ff982630000 - 0x00007ff98265c000 	C:\Users\pythonord\.openjfx\cache\19+11\amd64\prism_d3d.dll
0x00007ff991c30000 - 0x00007ff991dd9000 	C:\WINDOWS\system32\d3d9.dll
0x00007ff9c7ae0000 - 0x00007ff9c7b0b000 	C:\WINDOWS\SYSTEM32\dwmapi.dll
0x00007ff9c7b50000 - 0x00007ff9c7b86000 	C:\WINDOWS\SYSTEM32\dxcore.dll
0x00007ff9c7850000 - 0x00007ff9c78fb000 	C:\WINDOWS\system32\uxtheme.dll
0x00007ff983090000 - 0x00007ff9831ed000 	C:\WINDOWS\System32\DriverStore\FileRepository\iigd_dch.inf_amd64_2b7bcff446ea567f\igdumdim64.dll
0x00007ff933fd0000 - 0x00007ff9378a2000 	C:\WINDOWS\System32\DriverStore\FileRepository\iigd_dch.inf_amd64_2b7bcff446ea567f\igd9dxva64.dll
0x00007ff9cba90000 - 0x00007ff9cbc30000 	C:\WINDOWS\System32\ole32.dll
0x00007ff9cbf00000 - 0x00007ff9cc374000 	C:\WINDOWS\System32\SETUPAPI.dll
0x00007ff9ca4c0000 - 0x00007ff9ca50e000 	C:\WINDOWS\SYSTEM32\cfgmgr32.dll
0x00007ff9bf930000 - 0x00007ff9bfad5000 	C:\WINDOWS\System32\DriverStore\FileRepository\iigd_dch.inf_amd64_2b7bcff446ea567f\igdgmm64.dll
0x00007ff9c42a0000 - 0x00007ff9c42ea000 	C:\WINDOWS\SYSTEM32\directxdatabasehelper.dll
0x00007ff9b7cd0000 - 0x00007ff9b7d8c000 	C:\WINDOWS\System32\DriverStore\FileRepository\nvaci.inf_amd64_11627d844055f4ec\nvldumdx.dll
0x00007ff9ca510000 - 0x00007ff9ca522000 	C:\WINDOWS\SYSTEM32\msasn1.dll
0x00007ff9c2820000 - 0x00007ff9c2852000 	C:\WINDOWS\SYSTEM32\cryptnet.dll
0x00007ff9cb0b0000 - 0x00007ff9cb216000 	C:\WINDOWS\System32\CRYPT32.dll
0x00007ff9c2510000 - 0x00007ff9c2668000 	C:\WINDOWS\SYSTEM32\drvstore.dll
0x00007ff9ca490000 - 0x00007ff9ca4bc000 	C:\WINDOWS\SYSTEM32\devobj.dll
0x00007ff9ca040000 - 0x00007ff9ca08b000 	C:\WINDOWS\SYSTEM32\wldp.dll
0x00007ff9c9fb0000 - 0x00007ff9c9fbc000 	C:\WINDOWS\SYSTEM32\cryptbase.dll
0x00007ff9cb040000 - 0x00007ff9cb0ab000 	C:\WINDOWS\System32\wintrust.dll
0x00007ff9cb9a0000 - 0x00007ff9cb9bf000 	C:\WINDOWS\System32\imagehlp.dll
0x00007ff9c9f90000 - 0x00007ff9c9fab000 	C:\WINDOWS\SYSTEM32\CRYPTSP.dll
0x00007ff9c9820000 - 0x00007ff9c9855000 	C:\WINDOWS\system32\rsaenh.dll
0x00007ff9ca160000 - 0x00007ff9ca188000 	C:\WINDOWS\SYSTEM32\bcrypt.dll
0x00007ff9b2880000 - 0x00007ff9b4a6d000 	C:\WINDOWS\System32\DriverStore\FileRepository\nvaci.inf_amd64_11627d844055f4ec\nvgpucomp64.dll
0x00007ff92cb40000 - 0x00007ff92f504000 	C:\WINDOWS\System32\DriverStore\FileRepository\nvaci.inf_amd64_11627d844055f4ec\nvd3dumx.dll
0x00007ff97f270000 - 0x00007ff97f2b2000 	C:\Users\pythonord\.openjfx\cache\19+11\amd64\glass.dll
0x00007ff9cce90000 - 0x00007ff9ccf89000 	C:\WINDOWS\System32\COMDLG32.dll
0x00007ff9cb220000 - 0x00007ff9cb370000 	C:\WINDOWS\System32\MSCTF.dll
0x00007ff994f90000 - 0x00007ff994fb6000 	C:\WINDOWS\System32\DriverStore\FileRepository\iigd_dch.inf_amd64_2b7bcff446ea567f\igdinfo64.dll
0x00007ff9bc740000 - 0x00007ff9bf1f6000 	C:\WINDOWS\System32\DriverStore\FileRepository\iigd_dch.inf_amd64_2b7bcff446ea567f\igc64.dll
0x00007ff982160000 - 0x00007ff982174000 	C:\Users\pythonord\.openjfx\cache\19+11\amd64\javafx_font.dll

dbghelp: loaded successfully - version: 4.0.5 - missing functions: none
symbol engine: initialized successfully - sym options: 0x614 - pdb path: .;C:\Program Files\Java\jdk-11\bin;C:\WINDOWS\SYSTEM32;C:\WINDOWS\WinSxS\amd64_microsoft.windows.common-controls_6595b64144ccf1df_6.0.22621.2506_none_270c5ae97388e100;C:\Program Files (x86)\360\Total Security\safemon;C:\Program Files\Java\jdk-11\bin\server;C:\Users\pythonord\.openjfx\cache\19+11\amd64;C:\WINDOWS\System32\DriverStore\FileRepository\iigd_dch.inf_amd64_2b7bcff446ea567f;C:\WINDOWS\System32\DriverStore\FileRepository\nvaci.inf_amd64_11627d844055f4ec;C:\Program Files\Common Files\Microsoft Shared\Ink

VM Arguments:
jvm_args: --module-path=C:\Users\pythonord\.m2\repository\org\openjfx\javafx-base\19\javafx-base-19-win.jar;C:\Users\pythonord\.m2\repository\org\openjfx\javafx-base\19\javafx-base-19.jar;C:\Users\pythonord\.m2\repository\org\openjfx\javafx-controls\19\javafx-controls-19-win.jar;C:\Users\pythonord\.m2\repository\org\openjfx\javafx-controls\19\javafx-controls-19.jar;C:\Users\pythonord\.m2\repository\org\openjfx\javafx-fxml\19\javafx-fxml-19-win.jar;C:\Users\pythonord\.m2\repository\org\openjfx\javafx-fxml\19\javafx-fxml-19.jar;C:\Users\pythonord\.m2\repository\org\openjfx\javafx-graphics\19\javafx-graphics-19-win.jar;C:\Users\pythonord\.m2\repository\org\openjfx\javafx-graphics\19\javafx-graphics-19.jar --add-modules=javafx.base,javafx.controls,javafx.fxml,javafx.graphics 
java_command: Appinitializer
java_class_path (initial): D:\Course\00. Standalone Application Development\Day 4 - Nov 18, 2023\01. POS\Maven-pos\target\classes;C:\Users\pythonord\.m2\repository\com\google\protobuf\protobuf-java\3.21.9\protobuf-java-3.21.9.jar;C:\Users\pythonord\.m2\repository\com\jfoenix\jfoenix\9.0.1\jfoenix-9.0.1.jar;C:\Users\pythonord\.m2\repository\com\mysql\mysql-connector-j\8.0.32\mysql-connector-j-8.0.32.jar;C:\Users\pythonord\.m2\repository\org\projectlombok\lombok\1.18.28\lombok-1.18.28.jar
Launcher Type: SUN_STANDARD

[Global flags]
     intx CICompilerCount                          = 4                                         {product} {ergonomic}
     uint ConcGCThreads                            = 2                                         {product} {ergonomic}
     uint G1ConcRefinementThreads                  = 8                                         {product} {ergonomic}
   size_t G1HeapRegionSize                         = 1048576                                   {product} {ergonomic}
    uintx GCDrainStackTargetSize                   = 64                                        {product} {ergonomic}
   size_t InitialHeapSize                          = 266338304                                 {product} {ergonomic}
   size_t MarkStackSize                            = 4194304                                   {product} {ergonomic}
   size_t MaxHeapSize                              = 4250927104                                {product} {ergonomic}
   size_t MaxNewSize                               = 2550136832                                {product} {ergonomic}
   size_t MinHeapDeltaBytes                        = 1048576                                   {product} {ergonomic}
    uintx NonNMethodCodeHeapSize                   = 5836300                                {pd product} {ergonomic}
    uintx NonProfiledCodeHeapSize                  = 122910970                              {pd product} {ergonomic}
    uintx ProfiledCodeHeapSize                     = 122910970                              {pd product} {ergonomic}
    uintx ReservedCodeCacheSize                    = 251658240                              {pd product} {ergonomic}
     bool SegmentedCodeCache                       = true                                      {product} {ergonomic}
     bool UseCompressedClassPointers               = true                                 {lp64_product} {ergonomic}
     bool UseCompressedOops                        = true                                 {lp64_product} {ergonomic}
     bool UseG1GC                                  = true                                      {product} {ergonomic}
     bool UseLargePagesIndividualAllocation        = false                                  {pd product} {ergonomic}

Logging:
Log output configuration:
 #0: stdout all=warning uptime,level,tags
 #1: stderr all=off uptime,level,tags

Environment Variables:
JAVA_HOME=C:\Program Files\Java\jdk-11\bin
PATH=C:\Program Files\Java\jdk-11\bin;C:\Program Files\BellSoft\LibericaJDK-8\bin\;C:\Program Files\Java\jdk-17\bin;C:\Program Files\nodejs\;C:\Program Files\MySQL\MySQL Server 8.0\bin;C:\Program Files\Java\jdk1.8.0_202\bin;C:\Program Files\Git\cmd;C:\Program Files\Java\jdk-17\bin;C:\ProgramData\Oracle\Java\javapath;C:\Windows\system32;C:\Windows;C:\Windows\System32\Wbem;C:\Windows\System32\WindowsPowerShell\v1.0\;C:\Windows\System32\OpenSSH\;C:\Program Files (x86)\NVIDIA Corporation\PhysX\Common;C:\Program Files\NVIDIA Corporation\NVIDIA NvDLISR;C:\Program Files (x86)\HP\Common\HPDestPlgIn\;C:\WINDOWS\system32;C:\WINDOWS;C:\WINDOWS\System32\Wbem;C:\WINDOWS\System32\WindowsPowerShell\v1.0\;C:\WINDOWS\System32\OpenSSH\;C:\Python34\Scripts;C:\Users\pythonord\AppData\Local\Microsoft\WindowsApps;C:\Python37\Scripts;C:\Users\pythonord\AppData\Local\Microsoft\WindowsApps;C:\Users\pythonord\AppData\Local\Programs\Microsoft VS Code\bin;C:\Users\pythonord\AppData\Roaming\npm;C:\Program Files\JetBrains\IntelliJ IDEA 2023.2\bin;;C:\Users\pythonord\AppData\Local\GitHubDesktop\bin;
USERNAME=pythonord
OS=Windows_NT
PROCESSOR_IDENTIFIER=Intel64 Family 6 Model 165 Stepping 2, GenuineIntel



---------------  S Y S T E M  ---------------

OS: Windows 11 , 64 bit Build 22621 (10.0.22621.2506)

CPU:total 8 (initial active 8) (4 cores per cpu, 2 threads per core) family 6 model 165 stepping 2 microcode 0xea, cmov, cx8, fxsr, mmx, sse, sse2, sse3, ssse3, sse4.1, sse4.2, popcnt, avx, avx2, aes, clmul, erms, 3dnowpref, lzcnt, ht, tsc, tscinvbit, bmi1, bmi2, adx, fma

Memory: 4k page, system-wide physical 16215M (2742M free)
TotalPageFile size 31762M (AvailPageFile size 5M)
current process WorkingSet (physical memory assigned to process): 235M, peak: 237M
current process commit charge ("private bytes"): 475M, peak: 484M

vm_info: Java HotSpot(TM) 64-Bit Server VM (11.0.20+9-LTS-256) for windows-amd64 JRE (11.0.20+9-LTS-256), built on Jun 14 2023 10:34:22 by "mach5one" with MS VC++ 17.1 (VS2022)

END.
